<?xml version="1.0" encoding="UTF-8"?>
<!-- Generated by org.testng.reporters.JUnitReportReporter -->
<testsuite hostname="DESKTOP-V7PHNI8" failures="0" tests="48" name="TestClass.MyBidTabTest" time="0.000" errors="0" timestamp="2021-01-05T09:34:33 IST" skipped="48">
  <testcase classname="TestClass.MyBidTabTest" name="verifyvalidlogin" time="0.000">
    <skipped/>
  </testcase> <!-- verifyvalidlogin -->
  <system-out/>
  <testcase classname="TestClass.MyBidTabTest" name="verifyvalidlogin" time="0.000">
    <skipped/>
  </testcase> <!-- verifyvalidlogin -->
  <system-out/>
  <testcase classname="TestClass.MyBidTabTest" name="verifyclickmakebidbutton" time="0.000">
    <skipped/>
  </testcase> <!-- verifyclickmakebidbutton -->
  <system-out/>
  <testcase classname="TestClass.MyBidTabTest" name="verifyclickmakebidbutton" time="0.000">
    <skipped/>
  </testcase> <!-- verifyclickmakebidbutton -->
  <system-out/>
  <testcase classname="TestClass.MyBidTabTest" name="verifyclickEndStatusRow" time="0.000">
    <skipped/>
  </testcase> <!-- verifyclickEndStatusRow -->
  <system-out/>
  <testcase classname="TestClass.MyBidTabTest" name="verifyclickEndStatusRow" time="0.000">
    <skipped/>
  </testcase> <!-- verifyclickEndStatusRow -->
  <system-out/>
  <testcase classname="TestClass.MyBidTabTest" name="verifyclickStartedStatusRow" time="0.000">
    <skipped/>
  </testcase> <!-- verifyclickStartedStatusRow -->
  <system-out/>
  <testcase classname="TestClass.MyBidTabTest" name="verifyclickStartedStatusRow" time="0.000">
    <skipped/>
  </testcase> <!-- verifyclickStartedStatusRow -->
  <system-out/>
  <testcase classname="TestClass.MyBidTabTest" name="verifypriceLabel" time="0.000">
    <skipped/>
  </testcase> <!-- verifypriceLabel -->
  <system-out/>
  <testcase classname="TestClass.MyBidTabTest" name="verifypriceLabel" time="0.000">
    <skipped/>
  </testcase> <!-- verifypriceLabel -->
  <system-out/>
  <testcase classname="TestClass.MyBidTabTest" name="verifywarrantyLabel" time="0.000">
    <skipped/>
  </testcase> <!-- verifywarrantyLabel -->
  <system-out/>
  <testcase classname="TestClass.MyBidTabTest" name="verifywarrantyLabel" time="0.000">
    <skipped/>
  </testcase> <!-- verifywarrantyLabel -->
  <system-out/>
  <testcase classname="TestClass.MyBidTabTest" name="verifydescriptionLabel" time="0.000">
    <skipped/>
  </testcase> <!-- verifydescriptionLabel -->
  <system-out/>
  <testcase classname="TestClass.MyBidTabTest" name="verifydescriptionLabel" time="0.000">
    <skipped/>
  </testcase> <!-- verifydescriptionLabel -->
  <system-out/>
  <testcase classname="TestClass.MyBidTabTest" name="verifydreturnpolicyLabel" time="0.000">
    <skipped/>
  </testcase> <!-- verifydreturnpolicyLabel -->
  <system-out/>
  <testcase classname="TestClass.MyBidTabTest" name="verifydreturnpolicyLabel" time="0.000">
    <skipped/>
  </testcase> <!-- verifydreturnpolicyLabel -->
  <system-out/>
  <testcase classname="TestClass.MyBidTabTest" name="verifyphotoLabel" time="0.000">
    <skipped/>
  </testcase> <!-- verifyphotoLabel -->
  <system-out/>
  <testcase classname="TestClass.MyBidTabTest" name="verifyphotoLabel" time="0.000">
    <skipped/>
  </testcase> <!-- verifyphotoLabel -->
  <system-out/>
  <testcase classname="TestClass.MyBidTabTest" name="verifyinputs" time="0.000">
    <skipped/>
  </testcase> <!-- verifyinputs -->
  <system-out/>
  <testcase classname="TestClass.MyBidTabTest" name="verifyinputs" time="0.000">
    <skipped/>
  </testcase> <!-- verifyinputs -->
  <system-out/>
  <testcase classname="TestClass.MyBidTabTest" name="verifyconfirmationboxTitle" time="0.000">
    <skipped/>
  </testcase> <!-- verifyconfirmationboxTitle -->
  <system-out/>
  <testcase classname="TestClass.MyBidTabTest" name="verifyconfirmationboxTitle" time="0.000">
    <skipped/>
  </testcase> <!-- verifyconfirmationboxTitle -->
  <system-out/>
  <testcase classname="TestClass.MyBidTabTest" name="verifyconfirmationboxDescription" time="0.000">
    <skipped/>
  </testcase> <!-- verifyconfirmationboxDescription -->
  <system-out/>
  <testcase classname="TestClass.MyBidTabTest" name="verifyconfirmationboxDescription" time="0.000">
    <skipped/>
  </testcase> <!-- verifyconfirmationboxDescription -->
  <system-out/>
  <testcase classname="TestClass.MyBidTabTest" name="verifyconfirmationboxOkbuttonLable" time="0.000">
    <skipped/>
  </testcase> <!-- verifyconfirmationboxOkbuttonLable -->
  <system-out/>
  <testcase classname="TestClass.MyBidTabTest" name="verifyconfirmationboxOkbuttonLable" time="0.000">
    <skipped/>
  </testcase> <!-- verifyconfirmationboxOkbuttonLable -->
  <system-out/>
  <testcase classname="TestClass.MyBidTabTest" name="verifyconfirmationboxCancelbuttonLable" time="0.000">
    <skipped/>
  </testcase> <!-- verifyconfirmationboxCancelbuttonLable -->
  <system-out/>
  <testcase classname="TestClass.MyBidTabTest" name="verifyconfirmationboxCancelbuttonLable" time="0.000">
    <skipped/>
  </testcase> <!-- verifyconfirmationboxCancelbuttonLable -->
  <system-out/>
  <testcase classname="TestClass.MyBidTabTest" name="verifynotificationTitle" time="0.000">
    <skipped/>
  </testcase> <!-- verifynotificationTitle -->
  <system-out/>
  <testcase classname="TestClass.MyBidTabTest" name="verifynotificationTitle" time="0.000">
    <skipped/>
  </testcase> <!-- verifynotificationTitle -->
  <system-out/>
  <testcase classname="TestClass.MyBidTabTest" name="verifynotificationDescription" time="0.000">
    <skipped/>
  </testcase> <!-- verifynotificationDescription -->
  <system-out/>
  <testcase classname="TestClass.MyBidTabTest" name="verifynotificationDescription" time="0.000">
    <skipped/>
  </testcase> <!-- verifynotificationDescription -->
  <system-out/>
  <testcase classname="TestClass.MyBidTabTest" name="verifySaveButtonLabel" time="0.000">
    <skipped/>
  </testcase> <!-- verifySaveButtonLabel -->
  <system-out/>
  <testcase classname="TestClass.MyBidTabTest" name="verifySaveButtonLabel" time="0.000">
    <skipped/>
  </testcase> <!-- verifySaveButtonLabel -->
  <system-out/>
  <testcase classname="TestClass.MyBidTabTest" name="verifySaveButtonColor" time="0.000">
    <skipped/>
  </testcase> <!-- verifySaveButtonColor -->
  <system-out/>
  <testcase classname="TestClass.MyBidTabTest" name="verifySaveButtonColor" time="0.000">
    <skipped/>
  </testcase> <!-- verifySaveButtonColor -->
  <system-out/>
  <testcase classname="TestClass.MyBidTabTest" name="verifyEditButtonLabel" time="0.000">
    <skipped/>
  </testcase> <!-- verifyEditButtonLabel -->
  <system-out/>
  <testcase classname="TestClass.MyBidTabTest" name="verifyEditButtonLabel" time="0.000">
    <skipped/>
  </testcase> <!-- verifyEditButtonLabel -->
  <system-out/>
  <testcase classname="TestClass.MyBidTabTest" name="verifyResetButtonLabel" time="0.000">
    <skipped/>
  </testcase> <!-- verifyResetButtonLabel -->
  <system-out/>
  <testcase classname="TestClass.MyBidTabTest" name="verifyResetButtonLabel" time="0.000">
    <skipped/>
  </testcase> <!-- verifyResetButtonLabel -->
  <system-out/>
  <testcase classname="TestClass.MyBidTabTest" name="verifyResetButtonColor" time="0.000">
    <skipped/>
  </testcase> <!-- verifyResetButtonColor -->
  <system-out/>
  <testcase classname="TestClass.MyBidTabTest" name="verifyResetButtonColor" time="0.000">
    <skipped/>
  </testcase> <!-- verifyResetButtonColor -->
  <system-out/>
  <testcase classname="TestClass.MyBidTabTest" name="verifyHoverDisable" time="0.000">
    <skipped/>
  </testcase> <!-- verifyHoverDisable -->
  <system-out/>
  <testcase classname="TestClass.MyBidTabTest" name="verifyHoverDisable" time="0.000">
    <skipped/>
  </testcase> <!-- verifyHoverDisable -->
  <system-out/>
  <testcase classname="TestClass.MyBidTabTest" name="verifyInputDisabled" time="0.000">
    <skipped/>
  </testcase> <!-- verifyInputDisabled -->
  <system-out/>
  <testcase classname="TestClass.MyBidTabTest" name="verifyInputDisabled" time="0.000">
    <skipped/>
  </testcase> <!-- verifyInputDisabled -->
  <system-out/>
  <testcase classname="TestClass.MyBidTabTest" name="verifyInputEnabled" time="0.000">
    <skipped/>
  </testcase> <!-- verifyInputEnabled -->
  <system-out/>
  <testcase classname="TestClass.MyBidTabTest" name="verifyInputEnabled" time="0.000">
    <skipped/>
  </testcase> <!-- verifyInputEnabled -->
  <system-out/>
</testsuite> <!-- TestClass.MyBidTabTest -->
