<?xml version="1.0" encoding="UTF-8"?>
<!-- Generated by org.testng.reporters.JUnitReportReporter -->
<testsuite hostname="DESKTOP-V7PHNI8" failures="0" tests="24" name="TestClass.BiddingDateDropdownTest" time="80.402" errors="0" timestamp="2020-12-24T14:19:00 IST" skipped="0">
  <testcase classname="TestClass.BiddingDateDropdownTest" name="verifyvalidlogin" time="9.572"/>
  <system-out/>
  <testcase classname="TestClass.BiddingDateDropdownTest" name="verifyclickmakebidbutton" time="6.812"/>
  <system-out/>
  <testcase classname="TestClass.BiddingDateDropdownTest" name="verifyTodayButtonLabel" time="0.460"/>
  <system-out/>
  <testcase classname="TestClass.BiddingDateDropdownTest" name="verifyTomorrowButtonLabel" time="0.073"/>
  <system-out/>
  <testcase classname="TestClass.BiddingDateDropdownTest" name="verifyNext7ButtonLabel" time="0.066"/>
  <system-out/>
  <testcase classname="TestClass.BiddingDateDropdownTest" name="verifyNext30ButtonLabel" time="0.066"/>
  <system-out/>
  <testcase classname="TestClass.BiddingDateDropdownTest" name="verifythisMonthButtonLabel" time="0.080"/>
  <system-out/>
  <testcase classname="TestClass.BiddingDateDropdownTest" name="verifylastMonthButtonLabel" time="0.080"/>
  <system-out/>
  <testcase classname="TestClass.BiddingDateDropdownTest" name="verifyLast7ButtonLabel" time="0.065"/>
  <system-out/>
  <testcase classname="TestClass.BiddingDateDropdownTest" name="verifyYesterdayButtonLabel" time="0.066"/>
  <system-out/>
  <testcase classname="TestClass.BiddingDateDropdownTest" name="verifyCustomButtonLabel" time="0.065"/>
  <system-out/>
  <testcase classname="TestClass.BiddingDateDropdownTest" name="verifySubmitButtonLabel" time="0.066"/>
  <system-out/>
  <testcase classname="TestClass.BiddingDateDropdownTest" name="verifyCancelButtonLabel" time="0.067"/>
  <system-out/>
  <testcase classname="TestClass.BiddingDateDropdownTest" name="verifyTodayButtonHoverColor" time="3.216"/>
  <system-out/>
  <testcase classname="TestClass.BiddingDateDropdownTest" name="verifyTodayButtonClick" time="3.339"/>
  <system-out/>
  <testcase classname="TestClass.BiddingDateDropdownTest" name="verifyTomorrowButtonClick" time="6.288"/>
  <system-out/>
  <testcase classname="TestClass.BiddingDateDropdownTest" name="verifyNext7ButtonClick" time="6.264"/>
  <system-out/>
  <testcase classname="TestClass.BiddingDateDropdownTest" name="verifyNext30ButtonClick" time="6.265"/>
  <system-out/>
  <testcase classname="TestClass.BiddingDateDropdownTest" name="verifyThisMonthButtonClick" time="6.264"/>
  <system-out/>
  <testcase classname="TestClass.BiddingDateDropdownTest" name="verifyLastMonthButtonClick" time="6.253"/>
  <system-out/>
  <testcase classname="TestClass.BiddingDateDropdownTest" name="verifyLast7ButtonClick" time="6.285"/>
  <system-out/>
  <testcase classname="TestClass.BiddingDateDropdownTest" name="verifyYesterdayButtonClick" time="6.262"/>
  <system-out/>
  <testcase classname="TestClass.BiddingDateDropdownTest" name="verifySubmitButtonClick" time="6.212"/>
  <system-out/>
  <testcase classname="TestClass.BiddingDateDropdownTest" name="verifyCancelButtonClick" time="6.216"/>
  <system-out/>
</testsuite> <!-- TestClass.BiddingDateDropdownTest -->
