<?xml version="1.0" encoding="UTF-8"?>
<!-- Generated by org.testng.reporters.JUnitReportReporter -->
<testsuite hostname="DESKTOP-V7PHNI8" failures="0" tests="2" name="TestClass.SupplierLoginPageTest" time="0.000" errors="0" timestamp="2021-01-05T09:34:33 IST" skipped="2">
  <testcase classname="TestClass.SupplierLoginPageTest" name="verifyvalidlogin" time="0.000">
    <skipped/>
  </testcase> <!-- verifyvalidlogin -->
  <system-out/>
  <testcase classname="TestClass.SupplierLoginPageTest" name="verifyvalidlogin" time="0.000">
    <skipped/>
  </testcase> <!-- verifyvalidlogin -->
  <system-out/>
</testsuite> <!-- TestClass.SupplierLoginPageTest -->
