<?xml version="1.0" encoding="UTF-8"?>
<!-- Generated by org.testng.reporters.JUnitReportReporter -->
<testsuite hostname="DESKTOP-V7PHNI8" failures="0" tests="40" name="TestClass.SupplierPurchaseOrderPageTest" time="0.000" errors="0" timestamp="2021-01-05T09:34:33 IST" skipped="40">
  <testcase classname="TestClass.SupplierPurchaseOrderPageTest" name="verifyvalidlogin" time="0.000">
    <skipped/>
  </testcase> <!-- verifyvalidlogin -->
  <system-out/>
  <testcase classname="TestClass.SupplierPurchaseOrderPageTest" name="verifyvalidlogin" time="0.000">
    <skipped/>
  </testcase> <!-- verifyvalidlogin -->
  <system-out/>
  <testcase classname="TestClass.SupplierPurchaseOrderPageTest" name="verifyclickeditprofile" time="0.000">
    <skipped/>
  </testcase> <!-- verifyclickeditprofile -->
  <system-out/>
  <testcase classname="TestClass.SupplierPurchaseOrderPageTest" name="verifyclickeditprofile" time="0.000">
    <skipped/>
  </testcase> <!-- verifyclickeditprofile -->
  <system-out/>
  <testcase classname="TestClass.SupplierPurchaseOrderPageTest" name="verifyTitle" time="0.000">
    <skipped/>
  </testcase> <!-- verifyTitle -->
  <system-out/>
  <testcase classname="TestClass.SupplierPurchaseOrderPageTest" name="verifyTitle" time="0.000">
    <skipped/>
  </testcase> <!-- verifyTitle -->
  <system-out/>
  <testcase classname="TestClass.SupplierPurchaseOrderPageTest" name="verifyHeading" time="0.000">
    <skipped/>
  </testcase> <!-- verifyHeading -->
  <system-out/>
  <testcase classname="TestClass.SupplierPurchaseOrderPageTest" name="verifyHeading" time="0.000">
    <skipped/>
  </testcase> <!-- verifyHeading -->
  <system-out/>
  <testcase classname="TestClass.SupplierPurchaseOrderPageTest" name="verifySparePartLabel" time="0.000">
    <skipped/>
  </testcase> <!-- verifySparePartLabel -->
  <system-out/>
  <testcase classname="TestClass.SupplierPurchaseOrderPageTest" name="verifySparePartLabel" time="0.000">
    <skipped/>
  </testcase> <!-- verifySparePartLabel -->
  <system-out/>
  <testcase classname="TestClass.SupplierPurchaseOrderPageTest" name="verifyBiddingStatusLabel" time="0.000">
    <skipped/>
  </testcase> <!-- verifyBiddingStatusLabel -->
  <system-out/>
  <testcase classname="TestClass.SupplierPurchaseOrderPageTest" name="verifyBiddingStatusLabel" time="0.000">
    <skipped/>
  </testcase> <!-- verifyBiddingStatusLabel -->
  <system-out/>
  <testcase classname="TestClass.SupplierPurchaseOrderPageTest" name="verifyWinningStatusLabel" time="0.000">
    <skipped/>
  </testcase> <!-- verifyWinningStatusLabel -->
  <system-out/>
  <testcase classname="TestClass.SupplierPurchaseOrderPageTest" name="verifyWinningStatusLabel" time="0.000">
    <skipped/>
  </testcase> <!-- verifyWinningStatusLabel -->
  <system-out/>
  <testcase classname="TestClass.SupplierPurchaseOrderPageTest" name="verifyBiddingDateLabel" time="0.000">
    <skipped/>
  </testcase> <!-- verifyBiddingDateLabel -->
  <system-out/>
  <testcase classname="TestClass.SupplierPurchaseOrderPageTest" name="verifyBiddingDateLabel" time="0.000">
    <skipped/>
  </testcase> <!-- verifyBiddingDateLabel -->
  <system-out/>
  <testcase classname="TestClass.SupplierPurchaseOrderPageTest" name="verifyShowEntriesLabel" time="0.000">
    <skipped/>
  </testcase> <!-- verifyShowEntriesLabel -->
  <system-out/>
  <testcase classname="TestClass.SupplierPurchaseOrderPageTest" name="verifyShowEntriesLabel" time="0.000">
    <skipped/>
  </testcase> <!-- verifyShowEntriesLabel -->
  <system-out/>
  <testcase classname="TestClass.SupplierPurchaseOrderPageTest" name="verifyColumnDate" time="0.000">
    <skipped/>
  </testcase> <!-- verifyColumnDate -->
  <system-out/>
  <testcase classname="TestClass.SupplierPurchaseOrderPageTest" name="verifyColumnDate" time="0.000">
    <skipped/>
  </testcase> <!-- verifyColumnDate -->
  <system-out/>
  <testcase classname="TestClass.SupplierPurchaseOrderPageTest" name="verifyColumnRequestID" time="0.000">
    <skipped/>
  </testcase> <!-- verifyColumnRequestID -->
  <system-out/>
  <testcase classname="TestClass.SupplierPurchaseOrderPageTest" name="verifyColumnRequestID" time="0.000">
    <skipped/>
  </testcase> <!-- verifyColumnRequestID -->
  <system-out/>
  <testcase classname="TestClass.SupplierPurchaseOrderPageTest" name="verifyColumnBidID" time="0.000">
    <skipped/>
  </testcase> <!-- verifyColumnBidID -->
  <system-out/>
  <testcase classname="TestClass.SupplierPurchaseOrderPageTest" name="verifyColumnBidID" time="0.000">
    <skipped/>
  </testcase> <!-- verifyColumnBidID -->
  <system-out/>
  <testcase classname="TestClass.SupplierPurchaseOrderPageTest" name="verifyColumnSparePart" time="0.000">
    <skipped/>
  </testcase> <!-- verifyColumnSparePart -->
  <system-out/>
  <testcase classname="TestClass.SupplierPurchaseOrderPageTest" name="verifyColumnSparePart" time="0.000">
    <skipped/>
  </testcase> <!-- verifyColumnSparePart -->
  <system-out/>
  <testcase classname="TestClass.SupplierPurchaseOrderPageTest" name="verifyColumnStatus" time="0.000">
    <skipped/>
  </testcase> <!-- verifyColumnStatus -->
  <system-out/>
  <testcase classname="TestClass.SupplierPurchaseOrderPageTest" name="verifyColumnStatus" time="0.000">
    <skipped/>
  </testcase> <!-- verifyColumnStatus -->
  <system-out/>
  <testcase classname="TestClass.SupplierPurchaseOrderPageTest" name="verifyShowingLabel" time="0.000">
    <skipped/>
  </testcase> <!-- verifyShowingLabel -->
  <system-out/>
  <testcase classname="TestClass.SupplierPurchaseOrderPageTest" name="verifyShowingLabel" time="0.000">
    <skipped/>
  </testcase> <!-- verifyShowingLabel -->
  <system-out/>
  <testcase classname="TestClass.SupplierPurchaseOrderPageTest" name="verifyPurchaseHeading" time="0.000">
    <skipped/>
  </testcase> <!-- verifyPurchaseHeading -->
  <system-out/>
  <testcase classname="TestClass.SupplierPurchaseOrderPageTest" name="verifyPurchaseHeading" time="0.000">
    <skipped/>
  </testcase> <!-- verifyPurchaseHeading -->
  <system-out/>
  <testcase classname="TestClass.SupplierPurchaseOrderPageTest" name="verifyAcceptButtonLabel" time="0.000">
    <skipped/>
  </testcase> <!-- verifyAcceptButtonLabel -->
  <system-out/>
  <testcase classname="TestClass.SupplierPurchaseOrderPageTest" name="verifyAcceptButtonLabel" time="0.000">
    <skipped/>
  </testcase> <!-- verifyAcceptButtonLabel -->
  <system-out/>
  <testcase classname="TestClass.SupplierPurchaseOrderPageTest" name="verifyRejectButtonLabel" time="0.000">
    <skipped/>
  </testcase> <!-- verifyRejectButtonLabel -->
  <system-out/>
  <testcase classname="TestClass.SupplierPurchaseOrderPageTest" name="verifyRejectButtonLabel" time="0.000">
    <skipped/>
  </testcase> <!-- verifyRejectButtonLabel -->
  <system-out/>
  <testcase classname="TestClass.SupplierPurchaseOrderPageTest" name="verifyAcceptButtonColor" time="0.000">
    <skipped/>
  </testcase> <!-- verifyAcceptButtonColor -->
  <system-out/>
  <testcase classname="TestClass.SupplierPurchaseOrderPageTest" name="verifyAcceptButtonColor" time="0.000">
    <skipped/>
  </testcase> <!-- verifyAcceptButtonColor -->
  <system-out/>
  <testcase classname="TestClass.SupplierPurchaseOrderPageTest" name="verifyRejectButtonColor" time="0.000">
    <skipped/>
  </testcase> <!-- verifyRejectButtonColor -->
  <system-out/>
  <testcase classname="TestClass.SupplierPurchaseOrderPageTest" name="verifyRejectButtonColor" time="0.000">
    <skipped/>
  </testcase> <!-- verifyRejectButtonColor -->
  <system-out/>
</testsuite> <!-- TestClass.SupplierPurchaseOrderPageTest -->
