<?xml version="1.0" encoding="UTF-8"?>
<!-- Generated by org.testng.reporters.JUnitReportReporter -->
<testsuite hostname="DESKTOP-V7PHNI8" failures="0" tests="48" name="TestClass.BiddingDateDropdownTest" time="0.001" errors="0" timestamp="2021-01-05T09:34:33 IST" skipped="48">
  <testcase classname="TestClass.BiddingDateDropdownTest" name="verifyvalidlogin" time="0.000">
    <skipped/>
  </testcase> <!-- verifyvalidlogin -->
  <system-out/>
  <testcase classname="TestClass.BiddingDateDropdownTest" name="verifyvalidlogin" time="0.000">
    <skipped/>
  </testcase> <!-- verifyvalidlogin -->
  <system-out/>
  <testcase classname="TestClass.BiddingDateDropdownTest" name="verifyclickmakebidbutton" time="0.000">
    <skipped/>
  </testcase> <!-- verifyclickmakebidbutton -->
  <system-out/>
  <testcase classname="TestClass.BiddingDateDropdownTest" name="verifyclickmakebidbutton" time="0.000">
    <skipped/>
  </testcase> <!-- verifyclickmakebidbutton -->
  <system-out/>
  <testcase classname="TestClass.BiddingDateDropdownTest" name="verifyTodayButtonLabel" time="0.000">
    <skipped/>
  </testcase> <!-- verifyTodayButtonLabel -->
  <system-out/>
  <testcase classname="TestClass.BiddingDateDropdownTest" name="verifyTodayButtonLabel" time="0.000">
    <skipped/>
  </testcase> <!-- verifyTodayButtonLabel -->
  <system-out/>
  <testcase classname="TestClass.BiddingDateDropdownTest" name="verifyTomorrowButtonLabel" time="0.000">
    <skipped/>
  </testcase> <!-- verifyTomorrowButtonLabel -->
  <system-out/>
  <testcase classname="TestClass.BiddingDateDropdownTest" name="verifyTomorrowButtonLabel" time="0.000">
    <skipped/>
  </testcase> <!-- verifyTomorrowButtonLabel -->
  <system-out/>
  <testcase classname="TestClass.BiddingDateDropdownTest" name="verifyNext7ButtonLabel" time="0.000">
    <skipped/>
  </testcase> <!-- verifyNext7ButtonLabel -->
  <system-out/>
  <testcase classname="TestClass.BiddingDateDropdownTest" name="verifyNext7ButtonLabel" time="0.000">
    <skipped/>
  </testcase> <!-- verifyNext7ButtonLabel -->
  <system-out/>
  <testcase classname="TestClass.BiddingDateDropdownTest" name="verifyNext30ButtonLabel" time="0.000">
    <skipped/>
  </testcase> <!-- verifyNext30ButtonLabel -->
  <system-out/>
  <testcase classname="TestClass.BiddingDateDropdownTest" name="verifyNext30ButtonLabel" time="0.000">
    <skipped/>
  </testcase> <!-- verifyNext30ButtonLabel -->
  <system-out/>
  <testcase classname="TestClass.BiddingDateDropdownTest" name="verifythisMonthButtonLabel" time="0.000">
    <skipped/>
  </testcase> <!-- verifythisMonthButtonLabel -->
  <system-out/>
  <testcase classname="TestClass.BiddingDateDropdownTest" name="verifythisMonthButtonLabel" time="0.000">
    <skipped/>
  </testcase> <!-- verifythisMonthButtonLabel -->
  <system-out/>
  <testcase classname="TestClass.BiddingDateDropdownTest" name="verifylastMonthButtonLabel" time="0.000">
    <skipped/>
  </testcase> <!-- verifylastMonthButtonLabel -->
  <system-out/>
  <testcase classname="TestClass.BiddingDateDropdownTest" name="verifylastMonthButtonLabel" time="0.000">
    <skipped/>
  </testcase> <!-- verifylastMonthButtonLabel -->
  <system-out/>
  <testcase classname="TestClass.BiddingDateDropdownTest" name="verifyLast7ButtonLabel" time="0.000">
    <skipped/>
  </testcase> <!-- verifyLast7ButtonLabel -->
  <system-out/>
  <testcase classname="TestClass.BiddingDateDropdownTest" name="verifyLast7ButtonLabel" time="0.000">
    <skipped/>
  </testcase> <!-- verifyLast7ButtonLabel -->
  <system-out/>
  <testcase classname="TestClass.BiddingDateDropdownTest" name="verifyYesterdayButtonLabel" time="0.000">
    <skipped/>
  </testcase> <!-- verifyYesterdayButtonLabel -->
  <system-out/>
  <testcase classname="TestClass.BiddingDateDropdownTest" name="verifyYesterdayButtonLabel" time="0.000">
    <skipped/>
  </testcase> <!-- verifyYesterdayButtonLabel -->
  <system-out/>
  <testcase classname="TestClass.BiddingDateDropdownTest" name="verifyCustomButtonLabel" time="0.000">
    <skipped/>
  </testcase> <!-- verifyCustomButtonLabel -->
  <system-out/>
  <testcase classname="TestClass.BiddingDateDropdownTest" name="verifyCustomButtonLabel" time="0.000">
    <skipped/>
  </testcase> <!-- verifyCustomButtonLabel -->
  <system-out/>
  <testcase classname="TestClass.BiddingDateDropdownTest" name="verifySubmitButtonLabel" time="0.000">
    <skipped/>
  </testcase> <!-- verifySubmitButtonLabel -->
  <system-out/>
  <testcase classname="TestClass.BiddingDateDropdownTest" name="verifySubmitButtonLabel" time="0.000">
    <skipped/>
  </testcase> <!-- verifySubmitButtonLabel -->
  <system-out/>
  <testcase classname="TestClass.BiddingDateDropdownTest" name="verifyCancelButtonLabel" time="0.000">
    <skipped/>
  </testcase> <!-- verifyCancelButtonLabel -->
  <system-out/>
  <testcase classname="TestClass.BiddingDateDropdownTest" name="verifyCancelButtonLabel" time="0.000">
    <skipped/>
  </testcase> <!-- verifyCancelButtonLabel -->
  <system-out/>
  <testcase classname="TestClass.BiddingDateDropdownTest" name="verifyTodayButtonHoverColor" time="0.000">
    <skipped/>
  </testcase> <!-- verifyTodayButtonHoverColor -->
  <system-out/>
  <testcase classname="TestClass.BiddingDateDropdownTest" name="verifyTodayButtonHoverColor" time="0.000">
    <skipped/>
  </testcase> <!-- verifyTodayButtonHoverColor -->
  <system-out/>
  <testcase classname="TestClass.BiddingDateDropdownTest" name="verifyTodayButtonClick" time="0.000">
    <skipped/>
  </testcase> <!-- verifyTodayButtonClick -->
  <system-out/>
  <testcase classname="TestClass.BiddingDateDropdownTest" name="verifyTodayButtonClick" time="0.000">
    <skipped/>
  </testcase> <!-- verifyTodayButtonClick -->
  <system-out/>
  <testcase classname="TestClass.BiddingDateDropdownTest" name="verifyTomorrowButtonClick" time="0.000">
    <skipped/>
  </testcase> <!-- verifyTomorrowButtonClick -->
  <system-out/>
  <testcase classname="TestClass.BiddingDateDropdownTest" name="verifyTomorrowButtonClick" time="0.000">
    <skipped/>
  </testcase> <!-- verifyTomorrowButtonClick -->
  <system-out/>
  <testcase classname="TestClass.BiddingDateDropdownTest" name="verifyNext7ButtonClick" time="0.000">
    <skipped/>
  </testcase> <!-- verifyNext7ButtonClick -->
  <system-out/>
  <testcase classname="TestClass.BiddingDateDropdownTest" name="verifyNext7ButtonClick" time="0.000">
    <skipped/>
  </testcase> <!-- verifyNext7ButtonClick -->
  <system-out/>
  <testcase classname="TestClass.BiddingDateDropdownTest" name="verifyNext30ButtonClick" time="0.001">
    <skipped/>
  </testcase> <!-- verifyNext30ButtonClick -->
  <system-out/>
  <testcase classname="TestClass.BiddingDateDropdownTest" name="verifyNext30ButtonClick" time="0.000">
    <skipped/>
  </testcase> <!-- verifyNext30ButtonClick -->
  <system-out/>
  <testcase classname="TestClass.BiddingDateDropdownTest" name="verifyThisMonthButtonClick" time="0.000">
    <skipped/>
  </testcase> <!-- verifyThisMonthButtonClick -->
  <system-out/>
  <testcase classname="TestClass.BiddingDateDropdownTest" name="verifyThisMonthButtonClick" time="0.000">
    <skipped/>
  </testcase> <!-- verifyThisMonthButtonClick -->
  <system-out/>
  <testcase classname="TestClass.BiddingDateDropdownTest" name="verifyLastMonthButtonClick" time="0.000">
    <skipped/>
  </testcase> <!-- verifyLastMonthButtonClick -->
  <system-out/>
  <testcase classname="TestClass.BiddingDateDropdownTest" name="verifyLastMonthButtonClick" time="0.000">
    <skipped/>
  </testcase> <!-- verifyLastMonthButtonClick -->
  <system-out/>
  <testcase classname="TestClass.BiddingDateDropdownTest" name="verifyLast7ButtonClick" time="0.000">
    <skipped/>
  </testcase> <!-- verifyLast7ButtonClick -->
  <system-out/>
  <testcase classname="TestClass.BiddingDateDropdownTest" name="verifyLast7ButtonClick" time="0.000">
    <skipped/>
  </testcase> <!-- verifyLast7ButtonClick -->
  <system-out/>
  <testcase classname="TestClass.BiddingDateDropdownTest" name="verifyYesterdayButtonClick" time="0.000">
    <skipped/>
  </testcase> <!-- verifyYesterdayButtonClick -->
  <system-out/>
  <testcase classname="TestClass.BiddingDateDropdownTest" name="verifyYesterdayButtonClick" time="0.000">
    <skipped/>
  </testcase> <!-- verifyYesterdayButtonClick -->
  <system-out/>
  <testcase classname="TestClass.BiddingDateDropdownTest" name="verifySubmitButtonClick" time="0.000">
    <skipped/>
  </testcase> <!-- verifySubmitButtonClick -->
  <system-out/>
  <testcase classname="TestClass.BiddingDateDropdownTest" name="verifySubmitButtonClick" time="0.000">
    <skipped/>
  </testcase> <!-- verifySubmitButtonClick -->
  <system-out/>
  <testcase classname="TestClass.BiddingDateDropdownTest" name="verifyCancelButtonClick" time="0.000">
    <skipped/>
  </testcase> <!-- verifyCancelButtonClick -->
  <system-out/>
  <testcase classname="TestClass.BiddingDateDropdownTest" name="verifyCancelButtonClick" time="0.000">
    <skipped/>
  </testcase> <!-- verifyCancelButtonClick -->
  <system-out/>
</testsuite> <!-- TestClass.BiddingDateDropdownTest -->
