<?xml version="1.0" encoding="UTF-8"?>
<!-- Generated by org.testng.reporters.JUnitReportReporter -->
<testsuite hostname="DESKTOP-V7PHNI8" failures="0" tests="4" name="TestClass.GaragePurchaseOrderPageTest" time="17.224" errors="0" timestamp="2020-11-28T13:49:53 IST" skipped="0">
  <testcase classname="TestClass.GaragePurchaseOrderPageTest" name="verifyvalidlogin" time="8.210"/>
  <system-out/>
  <testcase classname="TestClass.GaragePurchaseOrderPageTest" name="verifyclickeditprofile" time="7.595"/>
  <system-out/>
  <testcase classname="TestClass.GaragePurchaseOrderPageTest" name="verifyTitle" time="0.015"/>
  <system-out/>
  <testcase classname="TestClass.GaragePurchaseOrderPageTest" name="verifyHeading" time="1.404"/>
  <system-out/>
</testsuite> <!-- TestClass.GaragePurchaseOrderPageTest -->
