<?xml version="1.0" encoding="UTF-8"?>
<!-- Generated by org.testng.reporters.JUnitReportReporter -->
<testsuite hostname="DESKTOP-V7PHNI8" failures="0" tests="4" name="TestClass.GarageEditAgentPageTest" time="19.181" errors="0" timestamp="2020-11-28T13:49:53 IST" skipped="0">
  <testcase classname="TestClass.GarageEditAgentPageTest" name="verifyvalidlogin" time="10.511"/>
  <system-out/>
  <testcase classname="TestClass.GarageEditAgentPageTest" name="verifyclickeditprofile" time="7.674"/>
  <system-out/>
  <testcase classname="TestClass.GarageEditAgentPageTest" name="verifyTitle" time="0.019"/>
  <system-out/>
  <testcase classname="TestClass.GarageEditAgentPageTest" name="verifyHeading" time="0.977"/>
  <system-out/>
</testsuite> <!-- TestClass.GarageEditAgentPageTest -->
