<?xml version="1.0" encoding="UTF-8"?>
<!-- Generated by org.testng.reporters.JUnitReportReporter -->
<testsuite hostname="DESKTOP-V7PHNI8" failures="0" tests="4" name="TestClass.SupplierEditProfilePageTest" time="21.245" errors="0" timestamp="2020-11-28T13:49:53 IST" skipped="0">
  <testcase classname="TestClass.SupplierEditProfilePageTest" name="verifyvalidlogin" time="11.728"/>
  <system-out/>
  <testcase classname="TestClass.SupplierEditProfilePageTest" name="verifyclickeditprofile" time="8.170"/>
  <system-out/>
  <testcase classname="TestClass.SupplierEditProfilePageTest" name="verifyTitle" time="0.013"/>
  <system-out/>
  <testcase classname="TestClass.SupplierEditProfilePageTest" name="verifyHeading" time="1.334"/>
  <system-out/>
</testsuite> <!-- TestClass.SupplierEditProfilePageTest -->
