<?xml version="1.0" encoding="UTF-8"?>
<!-- Generated by org.testng.reporters.JUnitReportReporter -->
<testsuite hostname="DESKTOP-V7PHNI8" failures="0" tests="32" name="TestClass.GaragePurchaseOrderPageTest" time="0.000" errors="0" timestamp="2021-01-05T09:34:33 IST" skipped="32">
  <testcase classname="TestClass.GaragePurchaseOrderPageTest" name="verifyvalidlogin" time="0.000">
    <skipped/>
  </testcase> <!-- verifyvalidlogin -->
  <system-out/>
  <testcase classname="TestClass.GaragePurchaseOrderPageTest" name="verifyvalidlogin" time="0.000">
    <skipped/>
  </testcase> <!-- verifyvalidlogin -->
  <system-out/>
  <testcase classname="TestClass.GaragePurchaseOrderPageTest" name="verifyclickeditprofile" time="0.000">
    <skipped/>
  </testcase> <!-- verifyclickeditprofile -->
  <system-out/>
  <testcase classname="TestClass.GaragePurchaseOrderPageTest" name="verifyclickeditprofile" time="0.000">
    <skipped/>
  </testcase> <!-- verifyclickeditprofile -->
  <system-out/>
  <testcase classname="TestClass.GaragePurchaseOrderPageTest" name="verifyTitle" time="0.000">
    <skipped/>
  </testcase> <!-- verifyTitle -->
  <system-out/>
  <testcase classname="TestClass.GaragePurchaseOrderPageTest" name="verifyTitle" time="0.000">
    <skipped/>
  </testcase> <!-- verifyTitle -->
  <system-out/>
  <testcase classname="TestClass.GaragePurchaseOrderPageTest" name="verifyHeading" time="0.000">
    <skipped/>
  </testcase> <!-- verifyHeading -->
  <system-out/>
  <testcase classname="TestClass.GaragePurchaseOrderPageTest" name="verifyHeading" time="0.000">
    <skipped/>
  </testcase> <!-- verifyHeading -->
  <system-out/>
  <testcase classname="TestClass.GaragePurchaseOrderPageTest" name="verifySparePartLabel" time="0.000">
    <skipped/>
  </testcase> <!-- verifySparePartLabel -->
  <system-out/>
  <testcase classname="TestClass.GaragePurchaseOrderPageTest" name="verifySparePartLabel" time="0.000">
    <skipped/>
  </testcase> <!-- verifySparePartLabel -->
  <system-out/>
  <testcase classname="TestClass.GaragePurchaseOrderPageTest" name="verifyBiddingStatusLabel" time="0.000">
    <skipped/>
  </testcase> <!-- verifyBiddingStatusLabel -->
  <system-out/>
  <testcase classname="TestClass.GaragePurchaseOrderPageTest" name="verifyBiddingStatusLabel" time="0.000">
    <skipped/>
  </testcase> <!-- verifyBiddingStatusLabel -->
  <system-out/>
  <testcase classname="TestClass.GaragePurchaseOrderPageTest" name="verifyWinningStatusLabel" time="0.000">
    <skipped/>
  </testcase> <!-- verifyWinningStatusLabel -->
  <system-out/>
  <testcase classname="TestClass.GaragePurchaseOrderPageTest" name="verifyWinningStatusLabel" time="0.000">
    <skipped/>
  </testcase> <!-- verifyWinningStatusLabel -->
  <system-out/>
  <testcase classname="TestClass.GaragePurchaseOrderPageTest" name="verifyBiddingDateLabel" time="0.000">
    <skipped/>
  </testcase> <!-- verifyBiddingDateLabel -->
  <system-out/>
  <testcase classname="TestClass.GaragePurchaseOrderPageTest" name="verifyBiddingDateLabel" time="0.000">
    <skipped/>
  </testcase> <!-- verifyBiddingDateLabel -->
  <system-out/>
  <testcase classname="TestClass.GaragePurchaseOrderPageTest" name="verifyShowEntriesLabel" time="0.000">
    <skipped/>
  </testcase> <!-- verifyShowEntriesLabel -->
  <system-out/>
  <testcase classname="TestClass.GaragePurchaseOrderPageTest" name="verifyShowEntriesLabel" time="0.000">
    <skipped/>
  </testcase> <!-- verifyShowEntriesLabel -->
  <system-out/>
  <testcase classname="TestClass.GaragePurchaseOrderPageTest" name="verifyColumnDate" time="0.000">
    <skipped/>
  </testcase> <!-- verifyColumnDate -->
  <system-out/>
  <testcase classname="TestClass.GaragePurchaseOrderPageTest" name="verifyColumnDate" time="0.000">
    <skipped/>
  </testcase> <!-- verifyColumnDate -->
  <system-out/>
  <testcase classname="TestClass.GaragePurchaseOrderPageTest" name="verifyColumnRequestID" time="0.000">
    <skipped/>
  </testcase> <!-- verifyColumnRequestID -->
  <system-out/>
  <testcase classname="TestClass.GaragePurchaseOrderPageTest" name="verifyColumnRequestID" time="0.000">
    <skipped/>
  </testcase> <!-- verifyColumnRequestID -->
  <system-out/>
  <testcase classname="TestClass.GaragePurchaseOrderPageTest" name="verifyColumnBidID" time="0.000">
    <skipped/>
  </testcase> <!-- verifyColumnBidID -->
  <system-out/>
  <testcase classname="TestClass.GaragePurchaseOrderPageTest" name="verifyColumnBidID" time="0.000">
    <skipped/>
  </testcase> <!-- verifyColumnBidID -->
  <system-out/>
  <testcase classname="TestClass.GaragePurchaseOrderPageTest" name="verifyColumnStatus" time="0.000">
    <skipped/>
  </testcase> <!-- verifyColumnStatus -->
  <system-out/>
  <testcase classname="TestClass.GaragePurchaseOrderPageTest" name="verifyColumnSparePart" time="0.000">
    <skipped/>
  </testcase> <!-- verifyColumnSparePart -->
  <system-out/>
  <testcase classname="TestClass.GaragePurchaseOrderPageTest" name="verifyColumnStatus" time="0.000">
    <skipped/>
  </testcase> <!-- verifyColumnStatus -->
  <system-out/>
  <testcase classname="TestClass.GaragePurchaseOrderPageTest" name="verifyColumnSparePart" time="0.000">
    <skipped/>
  </testcase> <!-- verifyColumnSparePart -->
  <system-out/>
  <testcase classname="TestClass.GaragePurchaseOrderPageTest" name="verifyShowingLabel" time="0.000">
    <skipped/>
  </testcase> <!-- verifyShowingLabel -->
  <system-out/>
  <testcase classname="TestClass.GaragePurchaseOrderPageTest" name="verifyShowingLabel" time="0.000">
    <skipped/>
  </testcase> <!-- verifyShowingLabel -->
  <system-out/>
  <testcase classname="TestClass.GaragePurchaseOrderPageTest" name="verifyPurchaseHeading" time="0.000">
    <skipped/>
  </testcase> <!-- verifyPurchaseHeading -->
  <system-out/>
  <testcase classname="TestClass.GaragePurchaseOrderPageTest" name="verifyPurchaseHeading" time="0.000">
    <skipped/>
  </testcase> <!-- verifyPurchaseHeading -->
  <system-out/>
</testsuite> <!-- TestClass.GaragePurchaseOrderPageTest -->
