<?xml version="1.0" encoding="UTF-8"?>
<!-- Generated by org.testng.reporters.JUnitReportReporter -->
<testsuite hostname="DESKTOP-V7PHNI8" failures="0" tests="7" name="TestClass.AvailableRequestPageTest" time="22.915" errors="0" timestamp="2020-11-28T09:05:41 IST" skipped="0">
  <testcase classname="TestClass.AvailableRequestPageTest" name="verifyvalidlogin" time="10.892"/>
  <system-out/>
  <testcase classname="TestClass.AvailableRequestPageTest" name="verifyclickmakebidbutton" time="7.322"/>
  <system-out/>
  <testcase classname="TestClass.AvailableRequestPageTest" name="verifyclickavailaberequest" time="2.855"/>
  <system-out/>
  <testcase classname="TestClass.AvailableRequestPageTest" name="verifyTitle" time="0.083"/>
  <system-out/>
  <testcase classname="TestClass.AvailableRequestPageTest" name="verifyDefaultSpareDropdown" time="0.231"/>
  <system-out/>
  <testcase classname="TestClass.AvailableRequestPageTest" name="verifyCountsSpareDropdown" time="0.375"/>
  <system-out/>
  <testcase classname="TestClass.AvailableRequestPageTest" name="verifyValuesSpareDropdown" time="1.157"/>
  <system-out/>
</testsuite> <!-- TestClass.AvailableRequestPageTest -->
