<?xml version="1.0" encoding="UTF-8"?>
<!-- Generated by org.testng.reporters.JUnitReportReporter -->
<testsuite hostname="DESKTOP-V7PHNI8" failures="0" tests="2" name="TestClass.GarageLoginPageTest" time="0.752" errors="0" timestamp="2020-11-16T08:28:23 IST" skipped="0">
  <testcase classname="TestClass.GarageLoginPageTest" name="verifyvalidlogin" time="0.524"/>
  <system-out/>
  <testcase classname="TestClass.GarageLoginPageTest" name="verifyInvalidlogin" time="0.228"/>
  <system-out/>
</testsuite> <!-- TestClass.GarageLoginPageTest -->
