<?xml version="1.0" encoding="UTF-8"?>
<!-- Generated by org.testng.reporters.JUnitReportReporter -->
<testsuite hostname="DESKTOP-V7PHNI8" failures="6" tests="52" name="TestClass.SupplierAvailableRequestPageTest" time="100.522" errors="0" timestamp="2020-12-20T14:16:33 IST" skipped="0">
  <testcase classname="TestClass.SupplierAvailableRequestPageTest" name="verifyvalidlogin" time="8.843"/>
  <system-out/>
  <testcase classname="TestClass.SupplierAvailableRequestPageTest" name="verifyclickmakebidbutton" time="6.432"/>
  <system-out/>
  <testcase classname="TestClass.SupplierAvailableRequestPageTest" name="verifyTitle" time="0.017"/>
  <system-out/>
  <testcase classname="TestClass.SupplierAvailableRequestPageTest" name="verifyHeading" time="0.116"/>
  <system-out/>
  <testcase classname="TestClass.SupplierAvailableRequestPageTest" name="verifySparePartLabel" time="0.687">
    <failure message="expected [Sparepart Type] but found [Sparpart Type]" type="java.lang.AssertionError">
      <![CDATA[java.lang.AssertionError: expected [Sparepart Type] but found [Sparpart Type]
at org.testng.Assert.fail(Assert.java:99)
at org.testng.Assert.failNotEquals(Assert.java:1037)
at org.testng.Assert.assertEqualsImpl(Assert.java:140)
at org.testng.Assert.assertEquals(Assert.java:122)
at org.testng.Assert.assertEquals(Assert.java:629)
at org.testng.Assert.assertEquals(Assert.java:639)
at TestClass.SupplierAvailableRequestPageTest.verifySparePartLabel(SupplierAvailableRequestPageTest.java:70)
at java.base/jdk.internal.reflect.NativeMethodAccessorImpl.invoke0(Native Method)
at java.base/jdk.internal.reflect.NativeMethodAccessorImpl.invoke(NativeMethodAccessorImpl.java:62)
at java.base/jdk.internal.reflect.DelegatingMethodAccessorImpl.invoke(DelegatingMethodAccessorImpl.java:43)
at java.base/java.lang.reflect.Method.invoke(Method.java:566)
at org.testng.internal.MethodInvocationHelper.invokeMethod(MethodInvocationHelper.java:132)
at org.testng.internal.TestInvoker.invokeMethod(TestInvoker.java:599)
at org.testng.internal.TestInvoker.invokeTestMethod(TestInvoker.java:174)
at org.testng.internal.MethodRunner.runInSequence(MethodRunner.java:46)
at org.testng.internal.TestInvoker$MethodInvocationAgent.invoke(TestInvoker.java:822)
at org.testng.internal.TestInvoker.invokeTestMethods(TestInvoker.java:147)
at org.testng.internal.TestMethodWorker.invokeTestMethods(TestMethodWorker.java:146)
at org.testng.internal.TestMethodWorker.run(TestMethodWorker.java:128)
at java.base/java.util.ArrayList.forEach(ArrayList.java:1540)
at org.testng.TestRunner.privateRun(TestRunner.java:764)
at org.testng.TestRunner.run(TestRunner.java:585)
at org.testng.SuiteRunner.runTest(SuiteRunner.java:384)
at org.testng.SuiteRunner.runSequentially(SuiteRunner.java:378)
at org.testng.SuiteRunner.privateRun(SuiteRunner.java:337)
at org.testng.SuiteRunner.run(SuiteRunner.java:286)
at org.testng.SuiteRunnerWorker.runSuite(SuiteRunnerWorker.java:53)
at org.testng.SuiteRunnerWorker.run(SuiteRunnerWorker.java:96)
at org.testng.TestNG.runSuitesSequentially(TestNG.java:1218)
at org.testng.TestNG.runSuitesLocally(TestNG.java:1140)
at org.testng.TestNG.runSuites(TestNG.java:1069)
at org.testng.TestNG.run(TestNG.java:1037)
at org.testng.remote.AbstractRemoteTestNG.run(AbstractRemoteTestNG.java:115)
at org.testng.remote.RemoteTestNG.initAndRun(RemoteTestNG.java:251)
at org.testng.remote.RemoteTestNG.main(RemoteTestNG.java:77)
]]>
    </failure>
  </testcase> <!-- verifySparePartLabel -->
  <system-out/>
  <testcase classname="TestClass.SupplierAvailableRequestPageTest" name="verifyDefaultSparePartDropdown" time="0.205"/>
  <system-out/>
  <testcase classname="TestClass.SupplierAvailableRequestPageTest" name="verifyCountsSparePartDropdown" time="0.397"/>
  <system-out/>
  <testcase classname="TestClass.SupplierAvailableRequestPageTest" name="verifySparePartValues" time="3.673">
    <failure message="Values are not matching with the dropdown list expected [true] but found [false]" type="java.lang.AssertionError">
      <![CDATA[java.lang.AssertionError: Values are not matching with the dropdown list expected [true] but found [false]
at org.testng.Assert.fail(Assert.java:99)
at org.testng.Assert.failNotEquals(Assert.java:1037)
at org.testng.Assert.assertTrue(Assert.java:45)
at TestClass.SupplierAvailableRequestPageTest.verifySparePartValues(SupplierAvailableRequestPageTest.java:96)
at java.base/jdk.internal.reflect.NativeMethodAccessorImpl.invoke0(Native Method)
at java.base/jdk.internal.reflect.NativeMethodAccessorImpl.invoke(NativeMethodAccessorImpl.java:62)
at java.base/jdk.internal.reflect.DelegatingMethodAccessorImpl.invoke(DelegatingMethodAccessorImpl.java:43)
at java.base/java.lang.reflect.Method.invoke(Method.java:566)
at org.testng.internal.MethodInvocationHelper.invokeMethod(MethodInvocationHelper.java:132)
at org.testng.internal.TestInvoker.invokeMethod(TestInvoker.java:599)
at org.testng.internal.TestInvoker.invokeTestMethod(TestInvoker.java:174)
at org.testng.internal.MethodRunner.runInSequence(MethodRunner.java:46)
at org.testng.internal.TestInvoker$MethodInvocationAgent.invoke(TestInvoker.java:822)
at org.testng.internal.TestInvoker.invokeTestMethods(TestInvoker.java:147)
at org.testng.internal.TestMethodWorker.invokeTestMethods(TestMethodWorker.java:146)
at org.testng.internal.TestMethodWorker.run(TestMethodWorker.java:128)
at java.base/java.util.ArrayList.forEach(ArrayList.java:1540)
at org.testng.TestRunner.privateRun(TestRunner.java:764)
at org.testng.TestRunner.run(TestRunner.java:585)
at org.testng.SuiteRunner.runTest(SuiteRunner.java:384)
at org.testng.SuiteRunner.runSequentially(SuiteRunner.java:378)
at org.testng.SuiteRunner.privateRun(SuiteRunner.java:337)
at org.testng.SuiteRunner.run(SuiteRunner.java:286)
at org.testng.SuiteRunnerWorker.runSuite(SuiteRunnerWorker.java:53)
at org.testng.SuiteRunnerWorker.run(SuiteRunnerWorker.java:96)
at org.testng.TestNG.runSuitesSequentially(TestNG.java:1218)
at org.testng.TestNG.runSuitesLocally(TestNG.java:1140)
at org.testng.TestNG.runSuites(TestNG.java:1069)
at org.testng.TestNG.run(TestNG.java:1037)
at org.testng.remote.AbstractRemoteTestNG.run(AbstractRemoteTestNG.java:115)
at org.testng.remote.RemoteTestNG.initAndRun(RemoteTestNG.java:251)
at org.testng.remote.RemoteTestNG.main(RemoteTestNG.java:77)
]]>
    </failure>
  </testcase> <!-- verifySparePartValues -->
  <system-out/>
  <testcase classname="TestClass.SupplierAvailableRequestPageTest" name="verifyBiddingStatusLabel" time="0.087"/>
  <system-out/>
  <testcase classname="TestClass.SupplierAvailableRequestPageTest" name="verifySparePartSelect" time="6.528"/>
  <system-out/>
  <testcase classname="TestClass.SupplierAvailableRequestPageTest" name="verifyDefaultBiddingStatusDropdown" time="0.143"/>
  <system-out/>
  <testcase classname="TestClass.SupplierAvailableRequestPageTest" name="verifyCountsBiddingStatusDropdown" time="0.139"/>
  <system-out/>
  <testcase classname="TestClass.SupplierAvailableRequestPageTest" name="verifyBiddingStatusValues" time="0.201"/>
  <system-out/>
  <testcase classname="TestClass.SupplierAvailableRequestPageTest" name="verifyBiddingStatusSelect" time="6.394"/>
  <system-out/>
  <testcase classname="TestClass.SupplierAvailableRequestPageTest" name="verifyWinningStatusLabel" time="0.077"/>
  <system-out/>
  <testcase classname="TestClass.SupplierAvailableRequestPageTest" name="verifyDefaultWinningStatusDropdown" time="0.146"/>
  <system-out/>
  <testcase classname="TestClass.SupplierAvailableRequestPageTest" name="verifyCountsWinningStatusDropdown" time="0.119"/>
  <system-out/>
  <testcase classname="TestClass.SupplierAvailableRequestPageTest" name="verifyWinningStatusValues" time="0.217"/>
  <system-out/>
  <testcase classname="TestClass.SupplierAvailableRequestPageTest" name="verifyWinningStatusSelect" time="6.409"/>
  <system-out/>
  <testcase classname="TestClass.SupplierAvailableRequestPageTest" name="verifyBiddingDateLabel" time="0.069"/>
  <system-out/>
  <testcase classname="TestClass.SupplierAvailableRequestPageTest" name="verifyDefaultBiddingDateDropdown" time="0.143"/>
  <system-out/>
  <testcase classname="TestClass.SupplierAvailableRequestPageTest" name="verifyShowEntriesLabel" time="0.091"/>
  <system-out/>
  <testcase classname="TestClass.SupplierAvailableRequestPageTest" name="verifyDefaultShowEntriesDropdown" time="0.140"/>
  <system-out/>
  <testcase classname="TestClass.SupplierAvailableRequestPageTest" name="verifyCountsShowEntriesDropdown" time="0.161"/>
  <system-out/>
  <testcase classname="TestClass.SupplierAvailableRequestPageTest" name="verifyShowEntriesValues" time="0.187"/>
  <system-out/>
  <testcase classname="TestClass.SupplierAvailableRequestPageTest" name="verifySearchLabel" time="0.069"/>
  <system-out/>
  <testcase classname="TestClass.SupplierAvailableRequestPageTest" name="verifShowEntriesSelect" time="6.439"/>
  <system-out/>
  <testcase classname="TestClass.SupplierAvailableRequestPageTest" name="verifyDefaultSearch" time="0.089"/>
  <system-out/>
  <testcase classname="TestClass.SupplierAvailableRequestPageTest" name="verifyInputSearch" time="50.319"/>
  <system-out/>
  <testcase classname="TestClass.SupplierAvailableRequestPageTest" name="verifyColumnDate" time="0.079"/>
  <system-out/>
  <testcase classname="TestClass.SupplierAvailableRequestPageTest" name="verifyColumnCode" time="0.067"/>
  <system-out/>
  <testcase classname="TestClass.SupplierAvailableRequestPageTest" name="verifyColumnBiddingStarts" time="0.068">
    <failure message="Column name is Incorrect expected:&lt;Bidding Starts&gt; but was:&lt;Bidding Starts(ed)&gt;" type="java.lang.AssertionError">
      <![CDATA[java.lang.AssertionError: Column name is Incorrect expected:<Bidding Starts> but was:<Bidding Starts(ed)>
at org.testng.AssertJUnit.assertEquals(AssertJUnit.java:115)
at TestClass.SupplierAvailableRequestPageTest.verifyColumnBiddingStarts(SupplierAvailableRequestPageTest.java:325)
at java.base/jdk.internal.reflect.NativeMethodAccessorImpl.invoke0(Native Method)
at java.base/jdk.internal.reflect.NativeMethodAccessorImpl.invoke(NativeMethodAccessorImpl.java:62)
at java.base/jdk.internal.reflect.DelegatingMethodAccessorImpl.invoke(DelegatingMethodAccessorImpl.java:43)
at java.base/java.lang.reflect.Method.invoke(Method.java:566)
at org.testng.internal.MethodInvocationHelper.invokeMethod(MethodInvocationHelper.java:132)
at org.testng.internal.TestInvoker.invokeMethod(TestInvoker.java:599)
at org.testng.internal.TestInvoker.invokeTestMethod(TestInvoker.java:174)
at org.testng.internal.MethodRunner.runInSequence(MethodRunner.java:46)
at org.testng.internal.TestInvoker$MethodInvocationAgent.invoke(TestInvoker.java:822)
at org.testng.internal.TestInvoker.invokeTestMethods(TestInvoker.java:147)
at org.testng.internal.TestMethodWorker.invokeTestMethods(TestMethodWorker.java:146)
at org.testng.internal.TestMethodWorker.run(TestMethodWorker.java:128)
at java.base/java.util.ArrayList.forEach(ArrayList.java:1540)
at org.testng.TestRunner.privateRun(TestRunner.java:764)
at org.testng.TestRunner.run(TestRunner.java:585)
at org.testng.SuiteRunner.runTest(SuiteRunner.java:384)
at org.testng.SuiteRunner.runSequentially(SuiteRunner.java:378)
at org.testng.SuiteRunner.privateRun(SuiteRunner.java:337)
at org.testng.SuiteRunner.run(SuiteRunner.java:286)
at org.testng.SuiteRunnerWorker.runSuite(SuiteRunnerWorker.java:53)
at org.testng.SuiteRunnerWorker.run(SuiteRunnerWorker.java:96)
at org.testng.TestNG.runSuitesSequentially(TestNG.java:1218)
at org.testng.TestNG.runSuitesLocally(TestNG.java:1140)
at org.testng.TestNG.runSuites(TestNG.java:1069)
at org.testng.TestNG.run(TestNG.java:1037)
at org.testng.remote.AbstractRemoteTestNG.run(AbstractRemoteTestNG.java:115)
at org.testng.remote.RemoteTestNG.initAndRun(RemoteTestNG.java:251)
at org.testng.remote.RemoteTestNG.main(RemoteTestNG.java:77)
]]>
    </failure>
  </testcase> <!-- verifyColumnBiddingStarts -->
  <system-out/>
  <testcase classname="TestClass.SupplierAvailableRequestPageTest" name="verifyColumnBiddingEnds" time="0.074">
    <failure message="Column name is Incorrect expected:&lt;Bidding Ends&gt; but was:&lt;Bidding Ends(ed)&gt;" type="java.lang.AssertionError">
      <![CDATA[java.lang.AssertionError: Column name is Incorrect expected:<Bidding Ends> but was:<Bidding Ends(ed)>
at org.testng.AssertJUnit.assertEquals(AssertJUnit.java:115)
at TestClass.SupplierAvailableRequestPageTest.verifyColumnBiddingEnds(SupplierAvailableRequestPageTest.java:332)
at java.base/jdk.internal.reflect.NativeMethodAccessorImpl.invoke0(Native Method)
at java.base/jdk.internal.reflect.NativeMethodAccessorImpl.invoke(NativeMethodAccessorImpl.java:62)
at java.base/jdk.internal.reflect.DelegatingMethodAccessorImpl.invoke(DelegatingMethodAccessorImpl.java:43)
at java.base/java.lang.reflect.Method.invoke(Method.java:566)
at org.testng.internal.MethodInvocationHelper.invokeMethod(MethodInvocationHelper.java:132)
at org.testng.internal.TestInvoker.invokeMethod(TestInvoker.java:599)
at org.testng.internal.TestInvoker.invokeTestMethod(TestInvoker.java:174)
at org.testng.internal.MethodRunner.runInSequence(MethodRunner.java:46)
at org.testng.internal.TestInvoker$MethodInvocationAgent.invoke(TestInvoker.java:822)
at org.testng.internal.TestInvoker.invokeTestMethods(TestInvoker.java:147)
at org.testng.internal.TestMethodWorker.invokeTestMethods(TestMethodWorker.java:146)
at org.testng.internal.TestMethodWorker.run(TestMethodWorker.java:128)
at java.base/java.util.ArrayList.forEach(ArrayList.java:1540)
at org.testng.TestRunner.privateRun(TestRunner.java:764)
at org.testng.TestRunner.run(TestRunner.java:585)
at org.testng.SuiteRunner.runTest(SuiteRunner.java:384)
at org.testng.SuiteRunner.runSequentially(SuiteRunner.java:378)
at org.testng.SuiteRunner.privateRun(SuiteRunner.java:337)
at org.testng.SuiteRunner.run(SuiteRunner.java:286)
at org.testng.SuiteRunnerWorker.runSuite(SuiteRunnerWorker.java:53)
at org.testng.SuiteRunnerWorker.run(SuiteRunnerWorker.java:96)
at org.testng.TestNG.runSuitesSequentially(TestNG.java:1218)
at org.testng.TestNG.runSuitesLocally(TestNG.java:1140)
at org.testng.TestNG.runSuites(TestNG.java:1069)
at org.testng.TestNG.run(TestNG.java:1037)
at org.testng.remote.AbstractRemoteTestNG.run(AbstractRemoteTestNG.java:115)
at org.testng.remote.RemoteTestNG.initAndRun(RemoteTestNG.java:251)
at org.testng.remote.RemoteTestNG.main(RemoteTestNG.java:77)
]]>
    </failure>
  </testcase> <!-- verifyColumnBiddingEnds -->
  <system-out/>
  <testcase classname="TestClass.SupplierAvailableRequestPageTest" name="verifyColumnSparePart" time="0.071"/>
  <system-out/>
  <testcase classname="TestClass.SupplierAvailableRequestPageTest" name="verifyColumnStatus" time="0.077"/>
  <system-out/>
  <testcase classname="TestClass.SupplierAvailableRequestPageTest" name="verifyColumnFDate" time="0.066"/>
  <system-out/>
  <testcase classname="TestClass.SupplierAvailableRequestPageTest" name="verifyColumnFCode" time="0.066"/>
  <system-out/>
  <testcase classname="TestClass.SupplierAvailableRequestPageTest" name="verifyColumnFBiddingStarts" time="0.069">
    <failure message="Column name is Incorrect expected:&lt;Bidding Starts&gt; but was:&lt;Bidding Starts(ed)&gt;" type="java.lang.AssertionError">
      <![CDATA[java.lang.AssertionError: Column name is Incorrect expected:<Bidding Starts> but was:<Bidding Starts(ed)>
at org.testng.AssertJUnit.assertEquals(AssertJUnit.java:115)
at TestClass.SupplierAvailableRequestPageTest.verifyColumnFBiddingStarts(SupplierAvailableRequestPageTest.java:369)
at java.base/jdk.internal.reflect.NativeMethodAccessorImpl.invoke0(Native Method)
at java.base/jdk.internal.reflect.NativeMethodAccessorImpl.invoke(NativeMethodAccessorImpl.java:62)
at java.base/jdk.internal.reflect.DelegatingMethodAccessorImpl.invoke(DelegatingMethodAccessorImpl.java:43)
at java.base/java.lang.reflect.Method.invoke(Method.java:566)
at org.testng.internal.MethodInvocationHelper.invokeMethod(MethodInvocationHelper.java:132)
at org.testng.internal.TestInvoker.invokeMethod(TestInvoker.java:599)
at org.testng.internal.TestInvoker.invokeTestMethod(TestInvoker.java:174)
at org.testng.internal.MethodRunner.runInSequence(MethodRunner.java:46)
at org.testng.internal.TestInvoker$MethodInvocationAgent.invoke(TestInvoker.java:822)
at org.testng.internal.TestInvoker.invokeTestMethods(TestInvoker.java:147)
at org.testng.internal.TestMethodWorker.invokeTestMethods(TestMethodWorker.java:146)
at org.testng.internal.TestMethodWorker.run(TestMethodWorker.java:128)
at java.base/java.util.ArrayList.forEach(ArrayList.java:1540)
at org.testng.TestRunner.privateRun(TestRunner.java:764)
at org.testng.TestRunner.run(TestRunner.java:585)
at org.testng.SuiteRunner.runTest(SuiteRunner.java:384)
at org.testng.SuiteRunner.runSequentially(SuiteRunner.java:378)
at org.testng.SuiteRunner.privateRun(SuiteRunner.java:337)
at org.testng.SuiteRunner.run(SuiteRunner.java:286)
at org.testng.SuiteRunnerWorker.runSuite(SuiteRunnerWorker.java:53)
at org.testng.SuiteRunnerWorker.run(SuiteRunnerWorker.java:96)
at org.testng.TestNG.runSuitesSequentially(TestNG.java:1218)
at org.testng.TestNG.runSuitesLocally(TestNG.java:1140)
at org.testng.TestNG.runSuites(TestNG.java:1069)
at org.testng.TestNG.run(TestNG.java:1037)
at org.testng.remote.AbstractRemoteTestNG.run(AbstractRemoteTestNG.java:115)
at org.testng.remote.RemoteTestNG.initAndRun(RemoteTestNG.java:251)
at org.testng.remote.RemoteTestNG.main(RemoteTestNG.java:77)
]]>
    </failure>
  </testcase> <!-- verifyColumnFBiddingStarts -->
  <system-out/>
  <testcase classname="TestClass.SupplierAvailableRequestPageTest" name="verifyColumnFBiddingEnds" time="0.071">
    <failure message="Column name is Incorrect expected:&lt;Bidding Ends&gt; but was:&lt;Bidding Ends(ed)&gt;" type="java.lang.AssertionError">
      <![CDATA[java.lang.AssertionError: Column name is Incorrect expected:<Bidding Ends> but was:<Bidding Ends(ed)>
at org.testng.AssertJUnit.assertEquals(AssertJUnit.java:115)
at TestClass.SupplierAvailableRequestPageTest.verifyColumnFBiddingEnds(SupplierAvailableRequestPageTest.java:376)
at java.base/jdk.internal.reflect.NativeMethodAccessorImpl.invoke0(Native Method)
at java.base/jdk.internal.reflect.NativeMethodAccessorImpl.invoke(NativeMethodAccessorImpl.java:62)
at java.base/jdk.internal.reflect.DelegatingMethodAccessorImpl.invoke(DelegatingMethodAccessorImpl.java:43)
at java.base/java.lang.reflect.Method.invoke(Method.java:566)
at org.testng.internal.MethodInvocationHelper.invokeMethod(MethodInvocationHelper.java:132)
at org.testng.internal.TestInvoker.invokeMethod(TestInvoker.java:599)
at org.testng.internal.TestInvoker.invokeTestMethod(TestInvoker.java:174)
at org.testng.internal.MethodRunner.runInSequence(MethodRunner.java:46)
at org.testng.internal.TestInvoker$MethodInvocationAgent.invoke(TestInvoker.java:822)
at org.testng.internal.TestInvoker.invokeTestMethods(TestInvoker.java:147)
at org.testng.internal.TestMethodWorker.invokeTestMethods(TestMethodWorker.java:146)
at org.testng.internal.TestMethodWorker.run(TestMethodWorker.java:128)
at java.base/java.util.ArrayList.forEach(ArrayList.java:1540)
at org.testng.TestRunner.privateRun(TestRunner.java:764)
at org.testng.TestRunner.run(TestRunner.java:585)
at org.testng.SuiteRunner.runTest(SuiteRunner.java:384)
at org.testng.SuiteRunner.runSequentially(SuiteRunner.java:378)
at org.testng.SuiteRunner.privateRun(SuiteRunner.java:337)
at org.testng.SuiteRunner.run(SuiteRunner.java:286)
at org.testng.SuiteRunnerWorker.runSuite(SuiteRunnerWorker.java:53)
at org.testng.SuiteRunnerWorker.run(SuiteRunnerWorker.java:96)
at org.testng.TestNG.runSuitesSequentially(TestNG.java:1218)
at org.testng.TestNG.runSuitesLocally(TestNG.java:1140)
at org.testng.TestNG.runSuites(TestNG.java:1069)
at org.testng.TestNG.run(TestNG.java:1037)
at org.testng.remote.AbstractRemoteTestNG.run(AbstractRemoteTestNG.java:115)
at org.testng.remote.RemoteTestNG.initAndRun(RemoteTestNG.java:251)
at org.testng.remote.RemoteTestNG.main(RemoteTestNG.java:77)
]]>
    </failure>
  </testcase> <!-- verifyColumnFBiddingEnds -->
  <system-out/>
  <testcase classname="TestClass.SupplierAvailableRequestPageTest" name="verifyColumnFSparePart" time="0.069"/>
  <system-out/>
  <testcase classname="TestClass.SupplierAvailableRequestPageTest" name="verifyColumnFStatus" time="0.069"/>
  <system-out/>
  <testcase classname="TestClass.SupplierAvailableRequestPageTest" name="verifyShowingLabel" time="0.068"/>
  <system-out/>
  <testcase classname="TestClass.SupplierAvailableRequestPageTest" name="verifyShowingPaginationPreviousLabel" time="0.082"/>
  <system-out/>
  <testcase classname="TestClass.SupplierAvailableRequestPageTest" name="verifyShowingPaginationFirstLabel" time="0.067"/>
  <system-out/>
  <testcase classname="TestClass.SupplierAvailableRequestPageTest" name="verifyShowingPaginationSecondLabel" time="0.063"/>
  <system-out/>
  <testcase classname="TestClass.SupplierAvailableRequestPageTest" name="verifyShowingPaginationThirdLabel" time="0.068"/>
  <system-out/>
  <testcase classname="TestClass.SupplierAvailableRequestPageTest" name="verifyShowingPaginationNextLabel" time="0.067"/>
  <system-out/>
  <testcase classname="TestClass.SupplierAvailableRequestPageTest" name="verifyrequestInformationTabLabel" time="0.080"/>
  <system-out/>
  <testcase classname="TestClass.SupplierAvailableRequestPageTest" name="verifymyBidTabLabel" time="0.080"/>
  <system-out/>
  <testcase classname="TestClass.SupplierAvailableRequestPageTest" name="verifyDefaultactiveTab" time="0.072"/>
  <system-out/>
  <testcase classname="TestClass.SupplierAvailableRequestPageTest" name="verifyclickMyBidTab" time="0.238"/>
  <system-out/>
  <testcase classname="TestClass.SupplierAvailableRequestPageTest" name="verifyclickRequestInformationTab" time="0.254"/>
  <system-out/>
</testsuite> <!-- TestClass.SupplierAvailableRequestPageTest -->
