<?xml version="1.0" encoding="UTF-8"?>
<!-- Generated by org.testng.reporters.JUnitReportReporter -->
<testsuite hostname="DESKTOP-V7PHNI8" failures="0" tests="8" name="TestClass.SupplierDashboardPageTest" time="33.203" errors="0" timestamp="2020-11-28T13:49:53 IST" skipped="0">
  <testcase classname="TestClass.SupplierDashboardPageTest" name="verifyvalidlogin" time="7.926"/>
  <system-out/>
  <testcase classname="TestClass.SupplierDashboardPageTest" name="verifyclickmakebidbutton" time="6.946"/>
  <system-out/>
  <testcase classname="TestClass.SupplierDashboardPageTest" name="verifyclickeditprofile" time="2.524"/>
  <system-out/>
  <testcase classname="TestClass.SupplierDashboardPageTest" name="verifyclickeditagent" time="2.947"/>
  <system-out/>
  <testcase classname="TestClass.SupplierDashboardPageTest" name="verifyclickusermanagement" time="3.594"/>
  <system-out/>
  <testcase classname="TestClass.SupplierDashboardPageTest" name="verifyclickavailaberequest" time="3.437"/>
  <system-out/>
  <testcase classname="TestClass.SupplierDashboardPageTest" name="verifyclicknotification" time="3.128"/>
  <system-out/>
  <testcase classname="TestClass.SupplierDashboardPageTest" name="verifyclickpurchase" time="2.701"/>
  <system-out/>
</testsuite> <!-- TestClass.SupplierDashboardPageTest -->
