<?xml version="1.0" encoding="UTF-8"?>
<!-- Generated by org.testng.reporters.JUnitReportReporter -->
<testsuite hostname="DESKTOP-V7PHNI8" failures="8" tests="72" name="TestClass.SupplierAvailableRequestPageTest" time="298.703" errors="0" timestamp="2020-12-24T13:02:11 IST" skipped="0">
  <testcase classname="TestClass.SupplierAvailableRequestPageTest" name="verifyvalidlogin" time="13.511"/>
  <system-out/>
  <testcase classname="TestClass.SupplierAvailableRequestPageTest" name="verifyclickmakebidbutton" time="6.403"/>
  <system-out/>
  <testcase classname="TestClass.SupplierAvailableRequestPageTest" name="verifyTitle" time="0.017"/>
  <system-out/>
  <testcase classname="TestClass.SupplierAvailableRequestPageTest" name="verifyHeading" time="0.093"/>
  <system-out/>
  <testcase classname="TestClass.SupplierAvailableRequestPageTest" name="verifySparePartLabel" time="0.105">
    <failure message="expected [Sparepart Type] but found [Sparpart Type]" type="java.lang.AssertionError">
      <![CDATA[java.lang.AssertionError: expected [Sparepart Type] but found [Sparpart Type]
at org.testng.Assert.fail(Assert.java:99)
at org.testng.Assert.failNotEquals(Assert.java:1037)
at org.testng.Assert.assertEqualsImpl(Assert.java:140)
at org.testng.Assert.assertEquals(Assert.java:122)
at org.testng.Assert.assertEquals(Assert.java:629)
at org.testng.Assert.assertEquals(Assert.java:639)
at TestClass.SupplierAvailableRequestPageTest.verifySparePartLabel(SupplierAvailableRequestPageTest.java:70)
at java.base/jdk.internal.reflect.NativeMethodAccessorImpl.invoke0(Native Method)
at java.base/jdk.internal.reflect.NativeMethodAccessorImpl.invoke(NativeMethodAccessorImpl.java:62)
at java.base/jdk.internal.reflect.DelegatingMethodAccessorImpl.invoke(DelegatingMethodAccessorImpl.java:43)
at java.base/java.lang.reflect.Method.invoke(Method.java:566)
at org.testng.internal.MethodInvocationHelper.invokeMethod(MethodInvocationHelper.java:132)
at org.testng.internal.TestInvoker.invokeMethod(TestInvoker.java:599)
at org.testng.internal.TestInvoker.invokeTestMethod(TestInvoker.java:174)
at org.testng.internal.MethodRunner.runInSequence(MethodRunner.java:46)
at org.testng.internal.TestInvoker$MethodInvocationAgent.invoke(TestInvoker.java:822)
at org.testng.internal.TestInvoker.invokeTestMethods(TestInvoker.java:147)
at org.testng.internal.TestMethodWorker.invokeTestMethods(TestMethodWorker.java:146)
at org.testng.internal.TestMethodWorker.run(TestMethodWorker.java:128)
at java.base/java.util.ArrayList.forEach(ArrayList.java:1540)
at org.testng.TestRunner.privateRun(TestRunner.java:764)
at org.testng.TestRunner.run(TestRunner.java:585)
at org.testng.SuiteRunner.runTest(SuiteRunner.java:384)
at org.testng.SuiteRunner.runSequentially(SuiteRunner.java:378)
at org.testng.SuiteRunner.privateRun(SuiteRunner.java:337)
at org.testng.SuiteRunner.run(SuiteRunner.java:286)
at org.testng.SuiteRunnerWorker.runSuite(SuiteRunnerWorker.java:53)
at org.testng.SuiteRunnerWorker.run(SuiteRunnerWorker.java:96)
at org.testng.TestNG.runSuitesSequentially(TestNG.java:1218)
at org.testng.TestNG.runSuitesLocally(TestNG.java:1140)
at org.testng.TestNG.runSuites(TestNG.java:1069)
at org.testng.TestNG.run(TestNG.java:1037)
at org.testng.remote.AbstractRemoteTestNG.run(AbstractRemoteTestNG.java:115)
at org.testng.remote.RemoteTestNG.initAndRun(RemoteTestNG.java:251)
at org.testng.remote.RemoteTestNG.main(RemoteTestNG.java:77)
]]>
    </failure>
  </testcase> <!-- verifySparePartLabel -->
  <system-out/>
  <testcase classname="TestClass.SupplierAvailableRequestPageTest" name="verifyDefaultSparePartDropdown" time="0.465"/>
  <system-out/>
  <testcase classname="TestClass.SupplierAvailableRequestPageTest" name="verifyCountsSparePartDropdown" time="0.356"/>
  <system-out/>
  <testcase classname="TestClass.SupplierAvailableRequestPageTest" name="verifySparePartValues" time="8.640">
    <failure message="Values are not matching with the dropdown list expected [true] but found [false]" type="java.lang.AssertionError">
      <![CDATA[java.lang.AssertionError: Values are not matching with the dropdown list expected [true] but found [false]
at org.testng.Assert.fail(Assert.java:99)
at org.testng.Assert.failNotEquals(Assert.java:1037)
at org.testng.Assert.assertTrue(Assert.java:45)
at TestClass.SupplierAvailableRequestPageTest.verifySparePartValues(SupplierAvailableRequestPageTest.java:96)
at java.base/jdk.internal.reflect.NativeMethodAccessorImpl.invoke0(Native Method)
at java.base/jdk.internal.reflect.NativeMethodAccessorImpl.invoke(NativeMethodAccessorImpl.java:62)
at java.base/jdk.internal.reflect.DelegatingMethodAccessorImpl.invoke(DelegatingMethodAccessorImpl.java:43)
at java.base/java.lang.reflect.Method.invoke(Method.java:566)
at org.testng.internal.MethodInvocationHelper.invokeMethod(MethodInvocationHelper.java:132)
at org.testng.internal.TestInvoker.invokeMethod(TestInvoker.java:599)
at org.testng.internal.TestInvoker.invokeTestMethod(TestInvoker.java:174)
at org.testng.internal.MethodRunner.runInSequence(MethodRunner.java:46)
at org.testng.internal.TestInvoker$MethodInvocationAgent.invoke(TestInvoker.java:822)
at org.testng.internal.TestInvoker.invokeTestMethods(TestInvoker.java:147)
at org.testng.internal.TestMethodWorker.invokeTestMethods(TestMethodWorker.java:146)
at org.testng.internal.TestMethodWorker.run(TestMethodWorker.java:128)
at java.base/java.util.ArrayList.forEach(ArrayList.java:1540)
at org.testng.TestRunner.privateRun(TestRunner.java:764)
at org.testng.TestRunner.run(TestRunner.java:585)
at org.testng.SuiteRunner.runTest(SuiteRunner.java:384)
at org.testng.SuiteRunner.runSequentially(SuiteRunner.java:378)
at org.testng.SuiteRunner.privateRun(SuiteRunner.java:337)
at org.testng.SuiteRunner.run(SuiteRunner.java:286)
at org.testng.SuiteRunnerWorker.runSuite(SuiteRunnerWorker.java:53)
at org.testng.SuiteRunnerWorker.run(SuiteRunnerWorker.java:96)
at org.testng.TestNG.runSuitesSequentially(TestNG.java:1218)
at org.testng.TestNG.runSuitesLocally(TestNG.java:1140)
at org.testng.TestNG.runSuites(TestNG.java:1069)
at org.testng.TestNG.run(TestNG.java:1037)
at org.testng.remote.AbstractRemoteTestNG.run(AbstractRemoteTestNG.java:115)
at org.testng.remote.RemoteTestNG.initAndRun(RemoteTestNG.java:251)
at org.testng.remote.RemoteTestNG.main(RemoteTestNG.java:77)
]]>
    </failure>
  </testcase> <!-- verifySparePartValues -->
  <system-out/>
  <testcase classname="TestClass.SupplierAvailableRequestPageTest" name="verifySparePartSelect" time="3.485"/>
  <system-out/>
  <testcase classname="TestClass.SupplierAvailableRequestPageTest" name="verifySparePartWithTable" time="0.679">
    <failure message="Table Not showing Matching Values expected [true] but found [false]" type="java.lang.AssertionError">
      <![CDATA[java.lang.AssertionError: Table Not showing Matching Values expected [true] but found [false]
at org.testng.Assert.fail(Assert.java:99)
at org.testng.Assert.failNotEquals(Assert.java:1037)
at org.testng.Assert.assertTrue(Assert.java:45)
at TestClass.SupplierAvailableRequestPageTest.verifySparePartWithTable(SupplierAvailableRequestPageTest.java:113)
at java.base/jdk.internal.reflect.NativeMethodAccessorImpl.invoke0(Native Method)
at java.base/jdk.internal.reflect.NativeMethodAccessorImpl.invoke(NativeMethodAccessorImpl.java:62)
at java.base/jdk.internal.reflect.DelegatingMethodAccessorImpl.invoke(DelegatingMethodAccessorImpl.java:43)
at java.base/java.lang.reflect.Method.invoke(Method.java:566)
at org.testng.internal.MethodInvocationHelper.invokeMethod(MethodInvocationHelper.java:132)
at org.testng.internal.TestInvoker.invokeMethod(TestInvoker.java:599)
at org.testng.internal.TestInvoker.invokeTestMethod(TestInvoker.java:174)
at org.testng.internal.MethodRunner.runInSequence(MethodRunner.java:46)
at org.testng.internal.TestInvoker$MethodInvocationAgent.invoke(TestInvoker.java:822)
at org.testng.internal.TestInvoker.invokeTestMethods(TestInvoker.java:147)
at org.testng.internal.TestMethodWorker.invokeTestMethods(TestMethodWorker.java:146)
at org.testng.internal.TestMethodWorker.run(TestMethodWorker.java:128)
at java.base/java.util.ArrayList.forEach(ArrayList.java:1540)
at org.testng.TestRunner.privateRun(TestRunner.java:764)
at org.testng.TestRunner.run(TestRunner.java:585)
at org.testng.SuiteRunner.runTest(SuiteRunner.java:384)
at org.testng.SuiteRunner.runSequentially(SuiteRunner.java:378)
at org.testng.SuiteRunner.privateRun(SuiteRunner.java:337)
at org.testng.SuiteRunner.run(SuiteRunner.java:286)
at org.testng.SuiteRunnerWorker.runSuite(SuiteRunnerWorker.java:53)
at org.testng.SuiteRunnerWorker.run(SuiteRunnerWorker.java:96)
at org.testng.TestNG.runSuitesSequentially(TestNG.java:1218)
at org.testng.TestNG.runSuitesLocally(TestNG.java:1140)
at org.testng.TestNG.runSuites(TestNG.java:1069)
at org.testng.TestNG.run(TestNG.java:1037)
at org.testng.remote.AbstractRemoteTestNG.run(AbstractRemoteTestNG.java:115)
at org.testng.remote.RemoteTestNG.initAndRun(RemoteTestNG.java:251)
at org.testng.remote.RemoteTestNG.main(RemoteTestNG.java:77)
]]>
    </failure>
  </testcase> <!-- verifySparePartWithTable -->
  <system-out/>
  <testcase classname="TestClass.SupplierAvailableRequestPageTest" name="verifySparePartRowCounts" time="0.389"/>
  <system-out/>
  <testcase classname="TestClass.SupplierAvailableRequestPageTest" name="verifyBiddingStatusLabel" time="0.090"/>
  <system-out/>
  <testcase classname="TestClass.SupplierAvailableRequestPageTest" name="verifyDefaultBiddingStatusDropdown" time="0.130"/>
  <system-out/>
  <testcase classname="TestClass.SupplierAvailableRequestPageTest" name="verifyCountsBiddingStatusDropdown" time="0.134"/>
  <system-out/>
  <testcase classname="TestClass.SupplierAvailableRequestPageTest" name="verifyBiddingStatusValues" time="0.182"/>
  <system-out/>
  <testcase classname="TestClass.SupplierAvailableRequestPageTest" name="verifyBiddingStatusSelect" time="3.237"/>
  <system-out/>
  <testcase classname="TestClass.SupplierAvailableRequestPageTest" name="verifyBiddingStatusWithTable" time="0.121"/>
  <system-out/>
  <testcase classname="TestClass.SupplierAvailableRequestPageTest" name="verifyBiddingStatusRowCounts" time="0.332"/>
  <system-out/>
  <testcase classname="TestClass.SupplierAvailableRequestPageTest" name="verifyWinningStatusLabel" time="0.089"/>
  <system-out/>
  <testcase classname="TestClass.SupplierAvailableRequestPageTest" name="verifyDefaultWinningStatusDropdown" time="0.159"/>
  <system-out/>
  <testcase classname="TestClass.SupplierAvailableRequestPageTest" name="verifyCountsWinningStatusDropdown" time="0.158"/>
  <system-out/>
  <testcase classname="TestClass.SupplierAvailableRequestPageTest" name="verifyWinningStatusValues" time="0.166"/>
  <system-out/>
  <testcase classname="TestClass.SupplierAvailableRequestPageTest" name="verifyWinningStatusSelect" time="3.276"/>
  <system-out/>
  <testcase classname="TestClass.SupplierAvailableRequestPageTest" name="verifyWinningStatusWithTable" time="1.696">
    <failure message="Table Not showing Matching Values expected [true] but found [false]" type="java.lang.AssertionError">
      <![CDATA[java.lang.AssertionError: Table Not showing Matching Values expected [true] but found [false]
at org.testng.Assert.fail(Assert.java:99)
at org.testng.Assert.failNotEquals(Assert.java:1037)
at org.testng.Assert.assertTrue(Assert.java:45)
at TestClass.SupplierAvailableRequestPageTest.verifyWinningStatusWithTable(SupplierAvailableRequestPageTest.java:238)
at java.base/jdk.internal.reflect.NativeMethodAccessorImpl.invoke0(Native Method)
at java.base/jdk.internal.reflect.NativeMethodAccessorImpl.invoke(NativeMethodAccessorImpl.java:62)
at java.base/jdk.internal.reflect.DelegatingMethodAccessorImpl.invoke(DelegatingMethodAccessorImpl.java:43)
at java.base/java.lang.reflect.Method.invoke(Method.java:566)
at org.testng.internal.MethodInvocationHelper.invokeMethod(MethodInvocationHelper.java:132)
at org.testng.internal.TestInvoker.invokeMethod(TestInvoker.java:599)
at org.testng.internal.TestInvoker.invokeTestMethod(TestInvoker.java:174)
at org.testng.internal.MethodRunner.runInSequence(MethodRunner.java:46)
at org.testng.internal.TestInvoker$MethodInvocationAgent.invoke(TestInvoker.java:822)
at org.testng.internal.TestInvoker.invokeTestMethods(TestInvoker.java:147)
at org.testng.internal.TestMethodWorker.invokeTestMethods(TestMethodWorker.java:146)
at org.testng.internal.TestMethodWorker.run(TestMethodWorker.java:128)
at java.base/java.util.ArrayList.forEach(ArrayList.java:1540)
at org.testng.TestRunner.privateRun(TestRunner.java:764)
at org.testng.TestRunner.run(TestRunner.java:585)
at org.testng.SuiteRunner.runTest(SuiteRunner.java:384)
at org.testng.SuiteRunner.runSequentially(SuiteRunner.java:378)
at org.testng.SuiteRunner.privateRun(SuiteRunner.java:337)
at org.testng.SuiteRunner.run(SuiteRunner.java:286)
at org.testng.SuiteRunnerWorker.runSuite(SuiteRunnerWorker.java:53)
at org.testng.SuiteRunnerWorker.run(SuiteRunnerWorker.java:96)
at org.testng.TestNG.runSuitesSequentially(TestNG.java:1218)
at org.testng.TestNG.runSuitesLocally(TestNG.java:1140)
at org.testng.TestNG.runSuites(TestNG.java:1069)
at org.testng.TestNG.run(TestNG.java:1037)
at org.testng.remote.AbstractRemoteTestNG.run(AbstractRemoteTestNG.java:115)
at org.testng.remote.RemoteTestNG.initAndRun(RemoteTestNG.java:251)
at org.testng.remote.RemoteTestNG.main(RemoteTestNG.java:77)
]]>
    </failure>
  </testcase> <!-- verifyWinningStatusWithTable -->
  <system-out/>
  <testcase classname="TestClass.SupplierAvailableRequestPageTest" name="verifyWinningStatusRowCounts" time="0.429"/>
  <system-out/>
  <testcase classname="TestClass.SupplierAvailableRequestPageTest" name="verifyBiddingDateLabel" time="0.073"/>
  <system-out/>
  <testcase classname="TestClass.SupplierAvailableRequestPageTest" name="verifyDefaultBiddingDateDropdown" time="0.100"/>
  <system-out/>
  <testcase classname="TestClass.SupplierAvailableRequestPageTest" name="verifyShowEntriesLabel" time="0.092"/>
  <system-out/>
  <testcase classname="TestClass.SupplierAvailableRequestPageTest" name="verifyDefaultShowEntriesDropdown" time="0.122"/>
  <system-out/>
  <testcase classname="TestClass.SupplierAvailableRequestPageTest" name="verifyCountsShowEntriesDropdown" time="0.188"/>
  <system-out/>
  <testcase classname="TestClass.SupplierAvailableRequestPageTest" name="verifyShowEntriesValues" time="0.253"/>
  <system-out/>
  <testcase classname="TestClass.SupplierAvailableRequestPageTest" name="verifShowEntriesSelect" time="3.349"/>
  <system-out/>
  <testcase classname="TestClass.SupplierAvailableRequestPageTest" name="verifyShowEntriesRowCounts" time="1.202"/>
  <system-out/>
  <testcase classname="TestClass.SupplierAvailableRequestPageTest" name="verifySearchLabel" time="0.070"/>
  <system-out/>
  <testcase classname="TestClass.SupplierAvailableRequestPageTest" name="verifyDefaultSearch" time="0.058"/>
  <system-out/>
  <testcase classname="TestClass.SupplierAvailableRequestPageTest" name="verifyInputSearch" time="75.146"/>
  <system-out/>
  <testcase classname="TestClass.SupplierAvailableRequestPageTest" name="verifyColumnDate" time="0.268"/>
  <system-out/>
  <testcase classname="TestClass.SupplierAvailableRequestPageTest" name="verifyColumnDateDescending" time="17.312"/>
  <system-out/>
  <testcase classname="TestClass.SupplierAvailableRequestPageTest" name="verifyColumnDateAscending" time="12.696"/>
  <system-out/>
  <testcase classname="TestClass.SupplierAvailableRequestPageTest" name="verifyColumnCode" time="0.059"/>
  <system-out/>
  <testcase classname="TestClass.SupplierAvailableRequestPageTest" name="verifyColumnCodeAscending" time="12.557"/>
  <system-out/>
  <testcase classname="TestClass.SupplierAvailableRequestPageTest" name="verifyColumnCodeDescending" time="13.027"/>
  <system-out/>
  <testcase classname="TestClass.SupplierAvailableRequestPageTest" name="verifyColumnBiddingStarts" time="0.062">
    <failure message="Column name is Incorrect expected:&lt;Bidding Starts&gt; but was:&lt;Bidding Starts(ed)&gt;" type="java.lang.AssertionError">
      <![CDATA[java.lang.AssertionError: Column name is Incorrect expected:<Bidding Starts> but was:<Bidding Starts(ed)>
at org.testng.AssertJUnit.assertEquals(AssertJUnit.java:115)
at TestClass.SupplierAvailableRequestPageTest.verifyColumnBiddingStarts(SupplierAvailableRequestPageTest.java:416)
at java.base/jdk.internal.reflect.NativeMethodAccessorImpl.invoke0(Native Method)
at java.base/jdk.internal.reflect.NativeMethodAccessorImpl.invoke(NativeMethodAccessorImpl.java:62)
at java.base/jdk.internal.reflect.DelegatingMethodAccessorImpl.invoke(DelegatingMethodAccessorImpl.java:43)
at java.base/java.lang.reflect.Method.invoke(Method.java:566)
at org.testng.internal.MethodInvocationHelper.invokeMethod(MethodInvocationHelper.java:132)
at org.testng.internal.TestInvoker.invokeMethod(TestInvoker.java:599)
at org.testng.internal.TestInvoker.invokeTestMethod(TestInvoker.java:174)
at org.testng.internal.MethodRunner.runInSequence(MethodRunner.java:46)
at org.testng.internal.TestInvoker$MethodInvocationAgent.invoke(TestInvoker.java:822)
at org.testng.internal.TestInvoker.invokeTestMethods(TestInvoker.java:147)
at org.testng.internal.TestMethodWorker.invokeTestMethods(TestMethodWorker.java:146)
at org.testng.internal.TestMethodWorker.run(TestMethodWorker.java:128)
at java.base/java.util.ArrayList.forEach(ArrayList.java:1540)
at org.testng.TestRunner.privateRun(TestRunner.java:764)
at org.testng.TestRunner.run(TestRunner.java:585)
at org.testng.SuiteRunner.runTest(SuiteRunner.java:384)
at org.testng.SuiteRunner.runSequentially(SuiteRunner.java:378)
at org.testng.SuiteRunner.privateRun(SuiteRunner.java:337)
at org.testng.SuiteRunner.run(SuiteRunner.java:286)
at org.testng.SuiteRunnerWorker.runSuite(SuiteRunnerWorker.java:53)
at org.testng.SuiteRunnerWorker.run(SuiteRunnerWorker.java:96)
at org.testng.TestNG.runSuitesSequentially(TestNG.java:1218)
at org.testng.TestNG.runSuitesLocally(TestNG.java:1140)
at org.testng.TestNG.runSuites(TestNG.java:1069)
at org.testng.TestNG.run(TestNG.java:1037)
at org.testng.remote.AbstractRemoteTestNG.run(AbstractRemoteTestNG.java:115)
at org.testng.remote.RemoteTestNG.initAndRun(RemoteTestNG.java:251)
at org.testng.remote.RemoteTestNG.main(RemoteTestNG.java:77)
]]>
    </failure>
  </testcase> <!-- verifyColumnBiddingStarts -->
  <system-out/>
  <testcase classname="TestClass.SupplierAvailableRequestPageTest" name="verifyColumnBiddingStartsAscending" time="12.556"/>
  <system-out/>
  <testcase classname="TestClass.SupplierAvailableRequestPageTest" name="verifyColumnBiddingStartsDescending" time="12.335"/>
  <system-out/>
  <testcase classname="TestClass.SupplierAvailableRequestPageTest" name="verifyColumnBiddingEnds" time="0.068">
    <failure message="Column name is Incorrect expected:&lt;Bidding Ends&gt; but was:&lt;Bidding Ends(ed)&gt;" type="java.lang.AssertionError">
      <![CDATA[java.lang.AssertionError: Column name is Incorrect expected:<Bidding Ends> but was:<Bidding Ends(ed)>
at org.testng.AssertJUnit.assertEquals(AssertJUnit.java:115)
at TestClass.SupplierAvailableRequestPageTest.verifyColumnBiddingEnds(SupplierAvailableRequestPageTest.java:444)
at java.base/jdk.internal.reflect.NativeMethodAccessorImpl.invoke0(Native Method)
at java.base/jdk.internal.reflect.NativeMethodAccessorImpl.invoke(NativeMethodAccessorImpl.java:62)
at java.base/jdk.internal.reflect.DelegatingMethodAccessorImpl.invoke(DelegatingMethodAccessorImpl.java:43)
at java.base/java.lang.reflect.Method.invoke(Method.java:566)
at org.testng.internal.MethodInvocationHelper.invokeMethod(MethodInvocationHelper.java:132)
at org.testng.internal.TestInvoker.invokeMethod(TestInvoker.java:599)
at org.testng.internal.TestInvoker.invokeTestMethod(TestInvoker.java:174)
at org.testng.internal.MethodRunner.runInSequence(MethodRunner.java:46)
at org.testng.internal.TestInvoker$MethodInvocationAgent.invoke(TestInvoker.java:822)
at org.testng.internal.TestInvoker.invokeTestMethods(TestInvoker.java:147)
at org.testng.internal.TestMethodWorker.invokeTestMethods(TestMethodWorker.java:146)
at org.testng.internal.TestMethodWorker.run(TestMethodWorker.java:128)
at java.base/java.util.ArrayList.forEach(ArrayList.java:1540)
at org.testng.TestRunner.privateRun(TestRunner.java:764)
at org.testng.TestRunner.run(TestRunner.java:585)
at org.testng.SuiteRunner.runTest(SuiteRunner.java:384)
at org.testng.SuiteRunner.runSequentially(SuiteRunner.java:378)
at org.testng.SuiteRunner.privateRun(SuiteRunner.java:337)
at org.testng.SuiteRunner.run(SuiteRunner.java:286)
at org.testng.SuiteRunnerWorker.runSuite(SuiteRunnerWorker.java:53)
at org.testng.SuiteRunnerWorker.run(SuiteRunnerWorker.java:96)
at org.testng.TestNG.runSuitesSequentially(TestNG.java:1218)
at org.testng.TestNG.runSuitesLocally(TestNG.java:1140)
at org.testng.TestNG.runSuites(TestNG.java:1069)
at org.testng.TestNG.run(TestNG.java:1037)
at org.testng.remote.AbstractRemoteTestNG.run(AbstractRemoteTestNG.java:115)
at org.testng.remote.RemoteTestNG.initAndRun(RemoteTestNG.java:251)
at org.testng.remote.RemoteTestNG.main(RemoteTestNG.java:77)
]]>
    </failure>
  </testcase> <!-- verifyColumnBiddingEnds -->
  <system-out/>
  <testcase classname="TestClass.SupplierAvailableRequestPageTest" name="verifyColumnBiddingEndsAscending" time="12.458"/>
  <system-out/>
  <testcase classname="TestClass.SupplierAvailableRequestPageTest" name="verifyColumnBiddingEndsDescending" time="12.538"/>
  <system-out/>
  <testcase classname="TestClass.SupplierAvailableRequestPageTest" name="verifyColumnSparePart" time="0.064"/>
  <system-out/>
  <testcase classname="TestClass.SupplierAvailableRequestPageTest" name="verifyColumnSparePartsAscending" time="13.126"/>
  <system-out/>
  <testcase classname="TestClass.SupplierAvailableRequestPageTest" name="verifyColumnSparePartDescending" time="12.231"/>
  <system-out/>
  <testcase classname="TestClass.SupplierAvailableRequestPageTest" name="verifyColumnStatus" time="0.057"/>
  <system-out/>
  <testcase classname="TestClass.SupplierAvailableRequestPageTest" name="verifyColumnStatusAscending" time="12.067"/>
  <system-out/>
  <testcase classname="TestClass.SupplierAvailableRequestPageTest" name="verifyColumnStatusDescending" time="12.307"/>
  <system-out/>
  <testcase classname="TestClass.SupplierAvailableRequestPageTest" name="verifyColumnFDate" time="0.060"/>
  <system-out/>
  <testcase classname="TestClass.SupplierAvailableRequestPageTest" name="verifyColumnFCode" time="0.063"/>
  <system-out/>
  <testcase classname="TestClass.SupplierAvailableRequestPageTest" name="verifyColumnFBiddingStarts" time="0.061">
    <failure message="Column name is Incorrect expected:&lt;Bidding Starts&gt; but was:&lt;Bidding Starts(ed)&gt;" type="java.lang.AssertionError">
      <![CDATA[java.lang.AssertionError: Column name is Incorrect expected:<Bidding Starts> but was:<Bidding Starts(ed)>
at org.testng.AssertJUnit.assertEquals(AssertJUnit.java:115)
at TestClass.SupplierAvailableRequestPageTest.verifyColumnFBiddingStarts(SupplierAvailableRequestPageTest.java:539)
at java.base/jdk.internal.reflect.NativeMethodAccessorImpl.invoke0(Native Method)
at java.base/jdk.internal.reflect.NativeMethodAccessorImpl.invoke(NativeMethodAccessorImpl.java:62)
at java.base/jdk.internal.reflect.DelegatingMethodAccessorImpl.invoke(DelegatingMethodAccessorImpl.java:43)
at java.base/java.lang.reflect.Method.invoke(Method.java:566)
at org.testng.internal.MethodInvocationHelper.invokeMethod(MethodInvocationHelper.java:132)
at org.testng.internal.TestInvoker.invokeMethod(TestInvoker.java:599)
at org.testng.internal.TestInvoker.invokeTestMethod(TestInvoker.java:174)
at org.testng.internal.MethodRunner.runInSequence(MethodRunner.java:46)
at org.testng.internal.TestInvoker$MethodInvocationAgent.invoke(TestInvoker.java:822)
at org.testng.internal.TestInvoker.invokeTestMethods(TestInvoker.java:147)
at org.testng.internal.TestMethodWorker.invokeTestMethods(TestMethodWorker.java:146)
at org.testng.internal.TestMethodWorker.run(TestMethodWorker.java:128)
at java.base/java.util.ArrayList.forEach(ArrayList.java:1540)
at org.testng.TestRunner.privateRun(TestRunner.java:764)
at org.testng.TestRunner.run(TestRunner.java:585)
at org.testng.SuiteRunner.runTest(SuiteRunner.java:384)
at org.testng.SuiteRunner.runSequentially(SuiteRunner.java:378)
at org.testng.SuiteRunner.privateRun(SuiteRunner.java:337)
at org.testng.SuiteRunner.run(SuiteRunner.java:286)
at org.testng.SuiteRunnerWorker.runSuite(SuiteRunnerWorker.java:53)
at org.testng.SuiteRunnerWorker.run(SuiteRunnerWorker.java:96)
at org.testng.TestNG.runSuitesSequentially(TestNG.java:1218)
at org.testng.TestNG.runSuitesLocally(TestNG.java:1140)
at org.testng.TestNG.runSuites(TestNG.java:1069)
at org.testng.TestNG.run(TestNG.java:1037)
at org.testng.remote.AbstractRemoteTestNG.run(AbstractRemoteTestNG.java:115)
at org.testng.remote.RemoteTestNG.initAndRun(RemoteTestNG.java:251)
at org.testng.remote.RemoteTestNG.main(RemoteTestNG.java:77)
]]>
    </failure>
  </testcase> <!-- verifyColumnFBiddingStarts -->
  <system-out/>
  <testcase classname="TestClass.SupplierAvailableRequestPageTest" name="verifyColumnFBiddingEnds" time="0.067">
    <failure message="Column name is Incorrect expected:&lt;Bidding Ends&gt; but was:&lt;Bidding Ends(ed)&gt;" type="java.lang.AssertionError">
      <![CDATA[java.lang.AssertionError: Column name is Incorrect expected:<Bidding Ends> but was:<Bidding Ends(ed)>
at org.testng.AssertJUnit.assertEquals(AssertJUnit.java:115)
at TestClass.SupplierAvailableRequestPageTest.verifyColumnFBiddingEnds(SupplierAvailableRequestPageTest.java:546)
at java.base/jdk.internal.reflect.NativeMethodAccessorImpl.invoke0(Native Method)
at java.base/jdk.internal.reflect.NativeMethodAccessorImpl.invoke(NativeMethodAccessorImpl.java:62)
at java.base/jdk.internal.reflect.DelegatingMethodAccessorImpl.invoke(DelegatingMethodAccessorImpl.java:43)
at java.base/java.lang.reflect.Method.invoke(Method.java:566)
at org.testng.internal.MethodInvocationHelper.invokeMethod(MethodInvocationHelper.java:132)
at org.testng.internal.TestInvoker.invokeMethod(TestInvoker.java:599)
at org.testng.internal.TestInvoker.invokeTestMethod(TestInvoker.java:174)
at org.testng.internal.MethodRunner.runInSequence(MethodRunner.java:46)
at org.testng.internal.TestInvoker$MethodInvocationAgent.invoke(TestInvoker.java:822)
at org.testng.internal.TestInvoker.invokeTestMethods(TestInvoker.java:147)
at org.testng.internal.TestMethodWorker.invokeTestMethods(TestMethodWorker.java:146)
at org.testng.internal.TestMethodWorker.run(TestMethodWorker.java:128)
at java.base/java.util.ArrayList.forEach(ArrayList.java:1540)
at org.testng.TestRunner.privateRun(TestRunner.java:764)
at org.testng.TestRunner.run(TestRunner.java:585)
at org.testng.SuiteRunner.runTest(SuiteRunner.java:384)
at org.testng.SuiteRunner.runSequentially(SuiteRunner.java:378)
at org.testng.SuiteRunner.privateRun(SuiteRunner.java:337)
at org.testng.SuiteRunner.run(SuiteRunner.java:286)
at org.testng.SuiteRunnerWorker.runSuite(SuiteRunnerWorker.java:53)
at org.testng.SuiteRunnerWorker.run(SuiteRunnerWorker.java:96)
at org.testng.TestNG.runSuitesSequentially(TestNG.java:1218)
at org.testng.TestNG.runSuitesLocally(TestNG.java:1140)
at org.testng.TestNG.runSuites(TestNG.java:1069)
at org.testng.TestNG.run(TestNG.java:1037)
at org.testng.remote.AbstractRemoteTestNG.run(AbstractRemoteTestNG.java:115)
at org.testng.remote.RemoteTestNG.initAndRun(RemoteTestNG.java:251)
at org.testng.remote.RemoteTestNG.main(RemoteTestNG.java:77)
]]>
    </failure>
  </testcase> <!-- verifyColumnFBiddingEnds -->
  <system-out/>
  <testcase classname="TestClass.SupplierAvailableRequestPageTest" name="verifyColumnFSparePart" time="0.067"/>
  <system-out/>
  <testcase classname="TestClass.SupplierAvailableRequestPageTest" name="verifyColumnFStatus" time="0.067"/>
  <system-out/>
  <testcase classname="TestClass.SupplierAvailableRequestPageTest" name="verifyShowingLabel" time="1.021"/>
  <system-out/>
  <testcase classname="TestClass.SupplierAvailableRequestPageTest" name="verifyShowingPaginationPreviousLabel" time="0.075"/>
  <system-out/>
  <testcase classname="TestClass.SupplierAvailableRequestPageTest" name="verifyShowingPaginationNextLabel" time="0.064"/>
  <system-out/>
  <testcase classname="TestClass.SupplierAvailableRequestPageTest" name="verifyHoverPaginationPrevious" time="3.182"/>
  <system-out/>
  <testcase classname="TestClass.SupplierAvailableRequestPageTest" name="verifyHoverPaginationNext" time="3.166"/>
  <system-out/>
  <testcase classname="TestClass.SupplierAvailableRequestPageTest" name="verifyClickPaginationNextLabel" time="6.283"/>
  <system-out/>
  <testcase classname="TestClass.SupplierAvailableRequestPageTest" name="verifyClickPaginationPreviousLabel" time="3.120"/>
  <system-out/>
  <testcase classname="TestClass.SupplierAvailableRequestPageTest" name="verifyrequestInformationTabLabel" time="0.077"/>
  <system-out/>
  <testcase classname="TestClass.SupplierAvailableRequestPageTest" name="verifymyBidTabLabel" time="0.069"/>
  <system-out/>
  <testcase classname="TestClass.SupplierAvailableRequestPageTest" name="verifyDefaultactiveTab" time="0.067"/>
  <system-out/>
  <testcase classname="TestClass.SupplierAvailableRequestPageTest" name="verifyclickMyBidTab" time="0.180"/>
  <system-out/>
  <testcase classname="TestClass.SupplierAvailableRequestPageTest" name="verifyclickRequestInformationTab" time="0.231"/>
  <system-out/>
</testsuite> <!-- TestClass.SupplierAvailableRequestPageTest -->
