<?xml version="1.0" encoding="UTF-8"?>
<!-- Generated by org.testng.reporters.JUnitReportReporter -->
<testsuite hostname="DESKTOP-V7PHNI8" failures="0" tests="3" name="TestClass.SupplierUserManagementTest" time="18.380" errors="0" timestamp="2020-11-28T08:21:33 IST" skipped="0">
  <testcase classname="TestClass.SupplierUserManagementTest" name="verifyvalidlogin" time="10.225"/>
  <system-out/>
  <testcase classname="TestClass.SupplierUserManagementTest" name="verifyclickeditprofile" time="7.112"/>
  <system-out/>
  <testcase classname="TestClass.SupplierUserManagementTest" name="verifyTitle" time="1.043"/>
  <system-out/>
</testsuite> <!-- TestClass.SupplierUserManagementTest -->
