<?xml version="1.0" encoding="UTF-8"?>
<!-- Generated by org.testng.reporters.JUnitReportReporter -->
<testsuite hostname="DESKTOP-V7PHNI8" failures="0" tests="28" name="TestClass.SupplierNotificationPageTest" time="0.000" errors="0" timestamp="2021-01-05T09:34:33 IST" skipped="28">
  <testcase classname="TestClass.SupplierNotificationPageTest" name="verifyvalidlogin" time="0.000">
    <skipped/>
  </testcase> <!-- verifyvalidlogin -->
  <system-out/>
  <testcase classname="TestClass.SupplierNotificationPageTest" name="verifyvalidlogin" time="0.000">
    <skipped/>
  </testcase> <!-- verifyvalidlogin -->
  <system-out/>
  <testcase classname="TestClass.SupplierNotificationPageTest" name="verifyclickeditprofile" time="0.000">
    <skipped/>
  </testcase> <!-- verifyclickeditprofile -->
  <system-out/>
  <testcase classname="TestClass.SupplierNotificationPageTest" name="verifyclickeditprofile" time="0.000">
    <skipped/>
  </testcase> <!-- verifyclickeditprofile -->
  <system-out/>
  <testcase classname="TestClass.SupplierNotificationPageTest" name="verifyTitle" time="0.000">
    <skipped/>
  </testcase> <!-- verifyTitle -->
  <system-out/>
  <testcase classname="TestClass.SupplierNotificationPageTest" name="verifyTitle" time="0.000">
    <skipped/>
  </testcase> <!-- verifyTitle -->
  <system-out/>
  <testcase classname="TestClass.SupplierNotificationPageTest" name="verifyHeading" time="0.000">
    <skipped/>
  </testcase> <!-- verifyHeading -->
  <system-out/>
  <testcase classname="TestClass.SupplierNotificationPageTest" name="verifyHeading" time="0.000">
    <skipped/>
  </testcase> <!-- verifyHeading -->
  <system-out/>
  <testcase classname="TestClass.SupplierNotificationPageTest" name="verifyMessageGroupLabel" time="0.000">
    <skipped/>
  </testcase> <!-- verifyMessageGroupLabel -->
  <system-out/>
  <testcase classname="TestClass.SupplierNotificationPageTest" name="verifyMessageGroupLabel" time="0.000">
    <skipped/>
  </testcase> <!-- verifyMessageGroupLabel -->
  <system-out/>
  <testcase classname="TestClass.SupplierNotificationPageTest" name="verifyMessageStatusLabel" time="0.000">
    <skipped/>
  </testcase> <!-- verifyMessageStatusLabel -->
  <system-out/>
  <testcase classname="TestClass.SupplierNotificationPageTest" name="verifyMessageStatusLabel" time="0.000">
    <skipped/>
  </testcase> <!-- verifyMessageStatusLabel -->
  <system-out/>
  <testcase classname="TestClass.SupplierNotificationPageTest" name="verifyBiddingDateLabel" time="0.000">
    <skipped/>
  </testcase> <!-- verifyBiddingDateLabel -->
  <system-out/>
  <testcase classname="TestClass.SupplierNotificationPageTest" name="verifyBiddingDateLabel" time="0.000">
    <skipped/>
  </testcase> <!-- verifyBiddingDateLabel -->
  <system-out/>
  <testcase classname="TestClass.SupplierNotificationPageTest" name="verifySearchLabel" time="0.000">
    <skipped/>
  </testcase> <!-- verifySearchLabel -->
  <system-out/>
  <testcase classname="TestClass.SupplierNotificationPageTest" name="verifySearchLabel" time="0.000">
    <skipped/>
  </testcase> <!-- verifySearchLabel -->
  <system-out/>
  <testcase classname="TestClass.SupplierNotificationPageTest" name="verifyDateColumnLabel" time="0.000">
    <skipped/>
  </testcase> <!-- verifyDateColumnLabel -->
  <system-out/>
  <testcase classname="TestClass.SupplierNotificationPageTest" name="verifyDateColumnLabel" time="0.000">
    <skipped/>
  </testcase> <!-- verifyDateColumnLabel -->
  <system-out/>
  <testcase classname="TestClass.SupplierNotificationPageTest" name="verifyTimeColumnLabel" time="0.000">
    <skipped/>
  </testcase> <!-- verifyTimeColumnLabel -->
  <system-out/>
  <testcase classname="TestClass.SupplierNotificationPageTest" name="verifyTimeColumnLabel" time="0.000">
    <skipped/>
  </testcase> <!-- verifyTimeColumnLabel -->
  <system-out/>
  <testcase classname="TestClass.SupplierNotificationPageTest" name="verifyHeadingColumnLabel" time="0.000">
    <skipped/>
  </testcase> <!-- verifyHeadingColumnLabel -->
  <system-out/>
  <testcase classname="TestClass.SupplierNotificationPageTest" name="verifyHeadingColumnLabel" time="0.000">
    <skipped/>
  </testcase> <!-- verifyHeadingColumnLabel -->
  <system-out/>
  <testcase classname="TestClass.SupplierNotificationPageTest" name="verifyReadStatusColumnLabel" time="0.000">
    <skipped/>
  </testcase> <!-- verifyReadStatusColumnLabel -->
  <system-out/>
  <testcase classname="TestClass.SupplierNotificationPageTest" name="verifyReadStatusColumnLabel" time="0.000">
    <skipped/>
  </testcase> <!-- verifyReadStatusColumnLabel -->
  <system-out/>
  <testcase classname="TestClass.SupplierNotificationPageTest" name="verifyEmailSendColumnLabel" time="0.000">
    <skipped/>
  </testcase> <!-- verifyEmailSendColumnLabel -->
  <system-out/>
  <testcase classname="TestClass.SupplierNotificationPageTest" name="verifyEmailSendColumnLabel" time="0.000">
    <skipped/>
  </testcase> <!-- verifyEmailSendColumnLabel -->
  <system-out/>
  <testcase classname="TestClass.SupplierNotificationPageTest" name="verifyReadStatusValues" time="0.000">
    <skipped/>
  </testcase> <!-- verifyReadStatusValues -->
  <system-out/>
  <testcase classname="TestClass.SupplierNotificationPageTest" name="verifyReadStatusValues" time="0.000">
    <skipped/>
  </testcase> <!-- verifyReadStatusValues -->
  <system-out/>
</testsuite> <!-- TestClass.SupplierNotificationPageTest -->
