<?xml version="1.0" encoding="UTF-8"?>
<!-- Generated by org.testng.reporters.JUnitReportReporter -->
<testsuite hostname="DESKTOP-V7PHNI8" failures="0" tests="9" name="TestClass.GarageDashboardPageTest" time="38.711" errors="0" timestamp="2020-11-28T13:49:53 IST" skipped="0">
  <testcase classname="TestClass.GarageDashboardPageTest" name="verifyvalidlogin" time="13.401"/>
  <system-out/>
  <testcase classname="TestClass.GarageDashboardPageTest" name="verifyclickpartrequestbutton" time="7.061"/>
  <system-out/>
  <testcase classname="TestClass.GarageDashboardPageTest" name="verifyclickeditprofile" time="2.325"/>
  <system-out/>
  <testcase classname="TestClass.GarageDashboardPageTest" name="verifyclickeditagent" time="2.785"/>
  <system-out/>
  <testcase classname="TestClass.GarageDashboardPageTest" name="verifyclickusermanagement" time="2.478"/>
  <system-out/>
  <testcase classname="TestClass.GarageDashboardPageTest" name="verifyclickpartrequest" time="2.625"/>
  <system-out/>
  <testcase classname="TestClass.GarageDashboardPageTest" name="verifyclicknotification" time="2.626"/>
  <system-out/>
  <testcase classname="TestClass.GarageDashboardPageTest" name="verifyclickbidreview" time="2.942"/>
  <system-out/>
  <testcase classname="TestClass.GarageDashboardPageTest" name="verifyclickpurchase" time="2.468"/>
  <system-out/>
</testsuite> <!-- TestClass.GarageDashboardPageTest -->
