<?xml version="1.0" encoding="UTF-8"?>
<!-- Generated by org.testng.reporters.JUnitReportReporter -->
<testsuite hostname="DESKTOP-V7PHNI8" failures="0" tests="4" name="TestClass.GarageBidReviewPageTest" time="17.819" errors="0" timestamp="2020-11-28T13:49:53 IST" skipped="0">
  <testcase classname="TestClass.GarageBidReviewPageTest" name="verifyvalidlogin" time="9.663"/>
  <system-out/>
  <testcase classname="TestClass.GarageBidReviewPageTest" name="verifyclickeditprofile" time="7.226"/>
  <system-out/>
  <testcase classname="TestClass.GarageBidReviewPageTest" name="verifyTitle" time="0.012"/>
  <system-out/>
  <testcase classname="TestClass.GarageBidReviewPageTest" name="verifyHeading" time="0.918"/>
  <system-out/>
</testsuite> <!-- TestClass.GarageBidReviewPageTest -->
