<?xml version="1.0" encoding="UTF-8"?>
<!-- Generated by org.testng.reporters.JUnitReportReporter -->
<testsuite hostname="DESKTOP-V7PHNI8" failures="0" tests="3" name="TestClass.SupplierEditProfileTest" time="18.812" errors="0" timestamp="2020-11-28T08:06:25 IST" skipped="0">
  <testcase classname="TestClass.SupplierEditProfileTest" name="verifyvalidlogin" time="12.267"/>
  <system-out/>
  <testcase classname="TestClass.SupplierEditProfileTest" name="verifyclickeditprofile" time="6.453"/>
  <system-out/>
  <testcase classname="TestClass.SupplierEditProfileTest" name="verifyTitle" time="0.092"/>
  <system-out/>
</testsuite> <!-- TestClass.SupplierEditProfileTest -->
