<?xml version="1.0" encoding="UTF-8"?>
<!-- Generated by org.testng.reporters.JUnitReportReporter -->
<testsuite hostname="DESKTOP-V7PHNI8" failures="0" tests="4" name="TestClass.GaragePartRequestPageTest" time="18.303" errors="0" timestamp="2020-11-28T13:49:53 IST" skipped="0">
  <testcase classname="TestClass.GaragePartRequestPageTest" name="verifyvalidlogin" time="10.182"/>
  <system-out/>
  <testcase classname="TestClass.GaragePartRequestPageTest" name="verifyclickeditprofile" time="6.891"/>
  <system-out/>
  <testcase classname="TestClass.GaragePartRequestPageTest" name="verifyTitle" time="0.012"/>
  <system-out/>
  <testcase classname="TestClass.GaragePartRequestPageTest" name="verifyHeading" time="1.218"/>
  <system-out/>
</testsuite> <!-- TestClass.GaragePartRequestPageTest -->
