<?xml version="1.0" encoding="UTF-8"?>
<!-- Generated by org.testng.reporters.JUnitReportReporter -->
<testsuite hostname="DESKTOP-V7PHNI8" failures="0" tests="24" name="TestClass.BiddingDateDropdownTest" time="80.811" errors="0" timestamp="2020-12-24T09:31:25 IST" skipped="0">
  <testcase classname="TestClass.BiddingDateDropdownTest" name="verifyvalidlogin" time="9.265"/>
  <system-out/>
  <testcase classname="TestClass.BiddingDateDropdownTest" name="verifyclickmakebidbutton" time="6.426"/>
  <system-out/>
  <testcase classname="TestClass.BiddingDateDropdownTest" name="verifyTodayButtonLabel" time="1.058"/>
  <system-out/>
  <testcase classname="TestClass.BiddingDateDropdownTest" name="verifyTomorrowButtonLabel" time="0.099"/>
  <system-out/>
  <testcase classname="TestClass.BiddingDateDropdownTest" name="verifyNext7ButtonLabel" time="0.091"/>
  <system-out/>
  <testcase classname="TestClass.BiddingDateDropdownTest" name="verifyNext30ButtonLabel" time="0.081"/>
  <system-out/>
  <testcase classname="TestClass.BiddingDateDropdownTest" name="verifythisMonthButtonLabel" time="0.068"/>
  <system-out/>
  <testcase classname="TestClass.BiddingDateDropdownTest" name="verifylastMonthButtonLabel" time="0.064"/>
  <system-out/>
  <testcase classname="TestClass.BiddingDateDropdownTest" name="verifyLast7ButtonLabel" time="0.065"/>
  <system-out/>
  <testcase classname="TestClass.BiddingDateDropdownTest" name="verifyYesterdayButtonLabel" time="0.063"/>
  <system-out/>
  <testcase classname="TestClass.BiddingDateDropdownTest" name="verifyCustomButtonLabel" time="0.059"/>
  <system-out/>
  <testcase classname="TestClass.BiddingDateDropdownTest" name="verifySubmitButtonLabel" time="0.059"/>
  <system-out/>
  <testcase classname="TestClass.BiddingDateDropdownTest" name="verifyCancelButtonLabel" time="0.078"/>
  <system-out/>
  <testcase classname="TestClass.BiddingDateDropdownTest" name="verifyTodayButtonHoverColor" time="3.588"/>
  <system-out/>
  <testcase classname="TestClass.BiddingDateDropdownTest" name="verifyTodayButtonClick" time="3.328"/>
  <system-out/>
  <testcase classname="TestClass.BiddingDateDropdownTest" name="verifyTomorrowButtonClick" time="6.296"/>
  <system-out/>
  <testcase classname="TestClass.BiddingDateDropdownTest" name="verifyNext7ButtonClick" time="6.287"/>
  <system-out/>
  <testcase classname="TestClass.BiddingDateDropdownTest" name="verifyNext30ButtonClick" time="6.274"/>
  <system-out/>
  <testcase classname="TestClass.BiddingDateDropdownTest" name="verifyThisMonthButtonClick" time="6.269"/>
  <system-out/>
  <testcase classname="TestClass.BiddingDateDropdownTest" name="verifyLastMonthButtonClick" time="6.279"/>
  <system-out/>
  <testcase classname="TestClass.BiddingDateDropdownTest" name="verifyLast7ButtonClick" time="6.294"/>
  <system-out/>
  <testcase classname="TestClass.BiddingDateDropdownTest" name="verifyYesterdayButtonClick" time="6.280"/>
  <system-out/>
  <testcase classname="TestClass.BiddingDateDropdownTest" name="verifySubmitButtonClick" time="6.225"/>
  <system-out/>
  <testcase classname="TestClass.BiddingDateDropdownTest" name="verifyCancelButtonClick" time="6.215"/>
  <system-out/>
</testsuite> <!-- TestClass.BiddingDateDropdownTest -->
