<?xml version="1.0" encoding="UTF-8"?>
<!-- Generated by org.testng.reporters.JUnitReportReporter -->
<testsuite hostname="DESKTOP-V7PHNI8" failures="0" tests="4" name="TestClass.GarageDashboardPageTest" time="0.000" errors="0" timestamp="2021-01-05T09:34:33 IST" skipped="4">
  <testcase classname="TestClass.GarageDashboardPageTest" name="verifyvalidlogin" time="0.000">
    <skipped/>
  </testcase> <!-- verifyvalidlogin -->
  <system-out/>
  <testcase classname="TestClass.GarageDashboardPageTest" name="verifyvalidlogin" time="0.000">
    <skipped/>
  </testcase> <!-- verifyvalidlogin -->
  <system-out/>
  <testcase classname="TestClass.GarageDashboardPageTest" name="verifyHeading" time="0.000">
    <skipped/>
  </testcase> <!-- verifyHeading -->
  <system-out/>
  <testcase classname="TestClass.GarageDashboardPageTest" name="verifyHeading" time="0.000">
    <skipped/>
  </testcase> <!-- verifyHeading -->
  <system-out/>
</testsuite> <!-- TestClass.GarageDashboardPageTest -->
