<?xml version="1.0" encoding="UTF-8"?>
<!-- Generated by org.testng.reporters.JUnitReportReporter -->
<testsuite hostname="DESKTOP-V7PHNI8" failures="0" tests="18" name="TestClass.SupplierDashboardPageTest" time="0.000" errors="0" timestamp="2021-01-05T09:34:33 IST" skipped="18">
  <testcase classname="TestClass.SupplierDashboardPageTest" name="verifyvalidlogin" time="0.000">
    <skipped/>
  </testcase> <!-- verifyvalidlogin -->
  <system-out/>
  <testcase classname="TestClass.SupplierDashboardPageTest" name="verifyvalidlogin" time="0.000">
    <skipped/>
  </testcase> <!-- verifyvalidlogin -->
  <system-out/>
  <testcase classname="TestClass.SupplierDashboardPageTest" name="verifyTitle" time="0.000">
    <skipped/>
  </testcase> <!-- verifyTitle -->
  <system-out/>
  <testcase classname="TestClass.SupplierDashboardPageTest" name="verifyTitle" time="0.000">
    <skipped/>
  </testcase> <!-- verifyTitle -->
  <system-out/>
  <testcase classname="TestClass.SupplierDashboardPageTest" name="verifyclickmakebidbutton" time="0.000">
    <skipped/>
  </testcase> <!-- verifyclickmakebidbutton -->
  <system-out/>
  <testcase classname="TestClass.SupplierDashboardPageTest" name="verifyclickmakebidbutton" time="0.000">
    <skipped/>
  </testcase> <!-- verifyclickmakebidbutton -->
  <system-out/>
  <testcase classname="TestClass.SupplierDashboardPageTest" name="verifyclickeditprofile" time="0.000">
    <skipped/>
  </testcase> <!-- verifyclickeditprofile -->
  <system-out/>
  <testcase classname="TestClass.SupplierDashboardPageTest" name="verifyclickeditprofile" time="0.000">
    <skipped/>
  </testcase> <!-- verifyclickeditprofile -->
  <system-out/>
  <testcase classname="TestClass.SupplierDashboardPageTest" name="verifyclickeditagent" time="0.000">
    <skipped/>
  </testcase> <!-- verifyclickeditagent -->
  <system-out/>
  <testcase classname="TestClass.SupplierDashboardPageTest" name="verifyclickeditagent" time="0.000">
    <skipped/>
  </testcase> <!-- verifyclickeditagent -->
  <system-out/>
  <testcase classname="TestClass.SupplierDashboardPageTest" name="verifyclickusermanagement" time="0.000">
    <skipped/>
  </testcase> <!-- verifyclickusermanagement -->
  <system-out/>
  <testcase classname="TestClass.SupplierDashboardPageTest" name="verifyclickusermanagement" time="0.000">
    <skipped/>
  </testcase> <!-- verifyclickusermanagement -->
  <system-out/>
  <testcase classname="TestClass.SupplierDashboardPageTest" name="verifyclickavailaberequest" time="0.000">
    <skipped/>
  </testcase> <!-- verifyclickavailaberequest -->
  <system-out/>
  <testcase classname="TestClass.SupplierDashboardPageTest" name="verifyclickavailaberequest" time="0.000">
    <skipped/>
  </testcase> <!-- verifyclickavailaberequest -->
  <system-out/>
  <testcase classname="TestClass.SupplierDashboardPageTest" name="verifyclicknotification" time="0.000">
    <skipped/>
  </testcase> <!-- verifyclicknotification -->
  <system-out/>
  <testcase classname="TestClass.SupplierDashboardPageTest" name="verifyclicknotification" time="0.000">
    <skipped/>
  </testcase> <!-- verifyclicknotification -->
  <system-out/>
  <testcase classname="TestClass.SupplierDashboardPageTest" name="verifyclickpurchase" time="0.000">
    <skipped/>
  </testcase> <!-- verifyclickpurchase -->
  <system-out/>
  <testcase classname="TestClass.SupplierDashboardPageTest" name="verifyclickpurchase" time="0.000">
    <skipped/>
  </testcase> <!-- verifyclickpurchase -->
  <system-out/>
</testsuite> <!-- TestClass.SupplierDashboardPageTest -->
