<?xml version="1.0" encoding="UTF-8"?>
<!-- Generated by org.testng.reporters.JUnitReportReporter -->
<testsuite hostname="DESKTOP-V7PHNI8" failures="0" tests="8" name="TestClass.GaragePartRequestPageTest" time="0.000" errors="0" timestamp="2021-01-05T09:34:33 IST" skipped="8">
  <testcase classname="TestClass.GaragePartRequestPageTest" name="verifyvalidlogin" time="0.000">
    <skipped/>
  </testcase> <!-- verifyvalidlogin -->
  <system-out/>
  <testcase classname="TestClass.GaragePartRequestPageTest" name="verifyvalidlogin" time="0.000">
    <skipped/>
  </testcase> <!-- verifyvalidlogin -->
  <system-out/>
  <testcase classname="TestClass.GaragePartRequestPageTest" name="verifyclickeditprofile" time="0.000">
    <skipped/>
  </testcase> <!-- verifyclickeditprofile -->
  <system-out/>
  <testcase classname="TestClass.GaragePartRequestPageTest" name="verifyclickeditprofile" time="0.000">
    <skipped/>
  </testcase> <!-- verifyclickeditprofile -->
  <system-out/>
  <testcase classname="TestClass.GaragePartRequestPageTest" name="verifyTitle" time="0.000">
    <skipped/>
  </testcase> <!-- verifyTitle -->
  <system-out/>
  <testcase classname="TestClass.GaragePartRequestPageTest" name="verifyTitle" time="0.000">
    <skipped/>
  </testcase> <!-- verifyTitle -->
  <system-out/>
  <testcase classname="TestClass.GaragePartRequestPageTest" name="verifyHeading" time="0.000">
    <skipped/>
  </testcase> <!-- verifyHeading -->
  <system-out/>
  <testcase classname="TestClass.GaragePartRequestPageTest" name="verifyHeading" time="0.000">
    <skipped/>
  </testcase> <!-- verifyHeading -->
  <system-out/>
</testsuite> <!-- TestClass.GaragePartRequestPageTest -->
