<?xml version="1.0" encoding="UTF-8"?>
<!-- Generated by org.testng.reporters.JUnitReportReporter -->
<testsuite hostname="DESKTOP-V7PHNI8" failures="0" tests="4" name="TestClass.SupplierUserManagementPageTest" time="18.277" errors="0" timestamp="2020-11-28T13:49:53 IST" skipped="0">
  <testcase classname="TestClass.SupplierUserManagementPageTest" name="verifyvalidlogin" time="11.236"/>
  <system-out/>
  <testcase classname="TestClass.SupplierUserManagementPageTest" name="verifyclickeditprofile" time="6.183"/>
  <system-out/>
  <testcase classname="TestClass.SupplierUserManagementPageTest" name="verifyTitle" time="0.011"/>
  <system-out/>
  <testcase classname="TestClass.SupplierUserManagementPageTest" name="verifyHeading" time="0.847"/>
  <system-out/>
</testsuite> <!-- TestClass.SupplierUserManagementPageTest -->
