<?xml version="1.0" encoding="UTF-8"?>
<!-- Generated by org.testng.reporters.JUnitReportReporter -->
<testsuite hostname="DESKTOP-V7PHNI8" failures="0" tests="144" name="TestClass.SupplierAvailableRequestPageTest" time="0.000" errors="0" timestamp="2021-01-05T09:34:33 IST" skipped="144">
  <testcase classname="TestClass.SupplierAvailableRequestPageTest" name="verifyvalidlogin" time="0.000">
    <skipped/>
  </testcase> <!-- verifyvalidlogin -->
  <system-out/>
  <testcase classname="TestClass.SupplierAvailableRequestPageTest" name="verifyvalidlogin" time="0.000">
    <skipped/>
  </testcase> <!-- verifyvalidlogin -->
  <system-out/>
  <testcase classname="TestClass.SupplierAvailableRequestPageTest" name="verifyclickmakebidbutton" time="0.000">
    <skipped/>
  </testcase> <!-- verifyclickmakebidbutton -->
  <system-out/>
  <testcase classname="TestClass.SupplierAvailableRequestPageTest" name="verifyclickmakebidbutton" time="0.000">
    <skipped/>
  </testcase> <!-- verifyclickmakebidbutton -->
  <system-out/>
  <testcase classname="TestClass.SupplierAvailableRequestPageTest" name="verifyTitle" time="0.000">
    <skipped/>
  </testcase> <!-- verifyTitle -->
  <system-out/>
  <testcase classname="TestClass.SupplierAvailableRequestPageTest" name="verifyTitle" time="0.000">
    <skipped/>
  </testcase> <!-- verifyTitle -->
  <system-out/>
  <testcase classname="TestClass.SupplierAvailableRequestPageTest" name="verifyHeading" time="0.000">
    <skipped/>
  </testcase> <!-- verifyHeading -->
  <system-out/>
  <testcase classname="TestClass.SupplierAvailableRequestPageTest" name="verifyHeading" time="0.000">
    <skipped/>
  </testcase> <!-- verifyHeading -->
  <system-out/>
  <testcase classname="TestClass.SupplierAvailableRequestPageTest" name="verifySparePartLabel" time="0.000">
    <skipped/>
  </testcase> <!-- verifySparePartLabel -->
  <system-out/>
  <testcase classname="TestClass.SupplierAvailableRequestPageTest" name="verifySparePartLabel" time="0.000">
    <skipped/>
  </testcase> <!-- verifySparePartLabel -->
  <system-out/>
  <testcase classname="TestClass.SupplierAvailableRequestPageTest" name="verifyDefaultSparePartDropdown" time="0.000">
    <skipped/>
  </testcase> <!-- verifyDefaultSparePartDropdown -->
  <system-out/>
  <testcase classname="TestClass.SupplierAvailableRequestPageTest" name="verifyDefaultSparePartDropdown" time="0.000">
    <skipped/>
  </testcase> <!-- verifyDefaultSparePartDropdown -->
  <system-out/>
  <testcase classname="TestClass.SupplierAvailableRequestPageTest" name="verifyCountsSparePartDropdown" time="0.000">
    <skipped/>
  </testcase> <!-- verifyCountsSparePartDropdown -->
  <system-out/>
  <testcase classname="TestClass.SupplierAvailableRequestPageTest" name="verifyCountsSparePartDropdown" time="0.000">
    <skipped/>
  </testcase> <!-- verifyCountsSparePartDropdown -->
  <system-out/>
  <testcase classname="TestClass.SupplierAvailableRequestPageTest" name="verifySparePartValues" time="0.000">
    <skipped/>
  </testcase> <!-- verifySparePartValues -->
  <system-out/>
  <testcase classname="TestClass.SupplierAvailableRequestPageTest" name="verifySparePartValues" time="0.000">
    <skipped/>
  </testcase> <!-- verifySparePartValues -->
  <system-out/>
  <testcase classname="TestClass.SupplierAvailableRequestPageTest" name="verifySparePartSelect" time="0.000">
    <skipped/>
  </testcase> <!-- verifySparePartSelect -->
  <system-out/>
  <testcase classname="TestClass.SupplierAvailableRequestPageTest" name="verifySparePartSelect" time="0.000">
    <skipped/>
  </testcase> <!-- verifySparePartSelect -->
  <system-out/>
  <testcase classname="TestClass.SupplierAvailableRequestPageTest" name="verifySparePartWithTable" time="0.000">
    <skipped/>
  </testcase> <!-- verifySparePartWithTable -->
  <system-out/>
  <testcase classname="TestClass.SupplierAvailableRequestPageTest" name="verifySparePartWithTable" time="0.000">
    <skipped/>
  </testcase> <!-- verifySparePartWithTable -->
  <system-out/>
  <testcase classname="TestClass.SupplierAvailableRequestPageTest" name="verifySparePartRowCounts" time="0.000">
    <skipped/>
  </testcase> <!-- verifySparePartRowCounts -->
  <system-out/>
  <testcase classname="TestClass.SupplierAvailableRequestPageTest" name="verifySparePartRowCounts" time="0.000">
    <skipped/>
  </testcase> <!-- verifySparePartRowCounts -->
  <system-out/>
  <testcase classname="TestClass.SupplierAvailableRequestPageTest" name="verifyBiddingStatusLabel" time="0.000">
    <skipped/>
  </testcase> <!-- verifyBiddingStatusLabel -->
  <system-out/>
  <testcase classname="TestClass.SupplierAvailableRequestPageTest" name="verifyBiddingStatusLabel" time="0.000">
    <skipped/>
  </testcase> <!-- verifyBiddingStatusLabel -->
  <system-out/>
  <testcase classname="TestClass.SupplierAvailableRequestPageTest" name="verifyDefaultBiddingStatusDropdown" time="0.000">
    <skipped/>
  </testcase> <!-- verifyDefaultBiddingStatusDropdown -->
  <system-out/>
  <testcase classname="TestClass.SupplierAvailableRequestPageTest" name="verifyDefaultBiddingStatusDropdown" time="0.000">
    <skipped/>
  </testcase> <!-- verifyDefaultBiddingStatusDropdown -->
  <system-out/>
  <testcase classname="TestClass.SupplierAvailableRequestPageTest" name="verifyCountsBiddingStatusDropdown" time="0.000">
    <skipped/>
  </testcase> <!-- verifyCountsBiddingStatusDropdown -->
  <system-out/>
  <testcase classname="TestClass.SupplierAvailableRequestPageTest" name="verifyCountsBiddingStatusDropdown" time="0.000">
    <skipped/>
  </testcase> <!-- verifyCountsBiddingStatusDropdown -->
  <system-out/>
  <testcase classname="TestClass.SupplierAvailableRequestPageTest" name="verifyBiddingStatusValues" time="0.000">
    <skipped/>
  </testcase> <!-- verifyBiddingStatusValues -->
  <system-out/>
  <testcase classname="TestClass.SupplierAvailableRequestPageTest" name="verifyBiddingStatusValues" time="0.000">
    <skipped/>
  </testcase> <!-- verifyBiddingStatusValues -->
  <system-out/>
  <testcase classname="TestClass.SupplierAvailableRequestPageTest" name="verifyBiddingStatusSelect" time="0.000">
    <skipped/>
  </testcase> <!-- verifyBiddingStatusSelect -->
  <system-out/>
  <testcase classname="TestClass.SupplierAvailableRequestPageTest" name="verifyBiddingStatusSelect" time="0.000">
    <skipped/>
  </testcase> <!-- verifyBiddingStatusSelect -->
  <system-out/>
  <testcase classname="TestClass.SupplierAvailableRequestPageTest" name="verifyBiddingStatusWithTable" time="0.000">
    <skipped/>
  </testcase> <!-- verifyBiddingStatusWithTable -->
  <system-out/>
  <testcase classname="TestClass.SupplierAvailableRequestPageTest" name="verifyBiddingStatusWithTable" time="0.000">
    <skipped/>
  </testcase> <!-- verifyBiddingStatusWithTable -->
  <system-out/>
  <testcase classname="TestClass.SupplierAvailableRequestPageTest" name="verifyBiddingStatusRowCounts" time="0.000">
    <skipped/>
  </testcase> <!-- verifyBiddingStatusRowCounts -->
  <system-out/>
  <testcase classname="TestClass.SupplierAvailableRequestPageTest" name="verifyBiddingStatusRowCounts" time="0.000">
    <skipped/>
  </testcase> <!-- verifyBiddingStatusRowCounts -->
  <system-out/>
  <testcase classname="TestClass.SupplierAvailableRequestPageTest" name="verifyWinningStatusLabel" time="0.000">
    <skipped/>
  </testcase> <!-- verifyWinningStatusLabel -->
  <system-out/>
  <testcase classname="TestClass.SupplierAvailableRequestPageTest" name="verifyWinningStatusLabel" time="0.000">
    <skipped/>
  </testcase> <!-- verifyWinningStatusLabel -->
  <system-out/>
  <testcase classname="TestClass.SupplierAvailableRequestPageTest" name="verifyDefaultWinningStatusDropdown" time="0.000">
    <skipped/>
  </testcase> <!-- verifyDefaultWinningStatusDropdown -->
  <system-out/>
  <testcase classname="TestClass.SupplierAvailableRequestPageTest" name="verifyDefaultWinningStatusDropdown" time="0.000">
    <skipped/>
  </testcase> <!-- verifyDefaultWinningStatusDropdown -->
  <system-out/>
  <testcase classname="TestClass.SupplierAvailableRequestPageTest" name="verifyCountsWinningStatusDropdown" time="0.000">
    <skipped/>
  </testcase> <!-- verifyCountsWinningStatusDropdown -->
  <system-out/>
  <testcase classname="TestClass.SupplierAvailableRequestPageTest" name="verifyCountsWinningStatusDropdown" time="0.000">
    <skipped/>
  </testcase> <!-- verifyCountsWinningStatusDropdown -->
  <system-out/>
  <testcase classname="TestClass.SupplierAvailableRequestPageTest" name="verifyWinningStatusValues" time="0.000">
    <skipped/>
  </testcase> <!-- verifyWinningStatusValues -->
  <system-out/>
  <testcase classname="TestClass.SupplierAvailableRequestPageTest" name="verifyWinningStatusValues" time="0.000">
    <skipped/>
  </testcase> <!-- verifyWinningStatusValues -->
  <system-out/>
  <testcase classname="TestClass.SupplierAvailableRequestPageTest" name="verifyWinningStatusSelect" time="0.000">
    <skipped/>
  </testcase> <!-- verifyWinningStatusSelect -->
  <system-out/>
  <testcase classname="TestClass.SupplierAvailableRequestPageTest" name="verifyWinningStatusSelect" time="0.000">
    <skipped/>
  </testcase> <!-- verifyWinningStatusSelect -->
  <system-out/>
  <testcase classname="TestClass.SupplierAvailableRequestPageTest" name="verifyWinningStatusWithTable" time="0.000">
    <skipped/>
  </testcase> <!-- verifyWinningStatusWithTable -->
  <system-out/>
  <testcase classname="TestClass.SupplierAvailableRequestPageTest" name="verifyWinningStatusWithTable" time="0.000">
    <skipped/>
  </testcase> <!-- verifyWinningStatusWithTable -->
  <system-out/>
  <testcase classname="TestClass.SupplierAvailableRequestPageTest" name="verifyWinningStatusRowCounts" time="0.000">
    <skipped/>
  </testcase> <!-- verifyWinningStatusRowCounts -->
  <system-out/>
  <testcase classname="TestClass.SupplierAvailableRequestPageTest" name="verifyWinningStatusRowCounts" time="0.000">
    <skipped/>
  </testcase> <!-- verifyWinningStatusRowCounts -->
  <system-out/>
  <testcase classname="TestClass.SupplierAvailableRequestPageTest" name="verifyBiddingDateLabel" time="0.000">
    <skipped/>
  </testcase> <!-- verifyBiddingDateLabel -->
  <system-out/>
  <testcase classname="TestClass.SupplierAvailableRequestPageTest" name="verifyBiddingDateLabel" time="0.000">
    <skipped/>
  </testcase> <!-- verifyBiddingDateLabel -->
  <system-out/>
  <testcase classname="TestClass.SupplierAvailableRequestPageTest" name="verifyDefaultBiddingDateDropdown" time="0.000">
    <skipped/>
  </testcase> <!-- verifyDefaultBiddingDateDropdown -->
  <system-out/>
  <testcase classname="TestClass.SupplierAvailableRequestPageTest" name="verifyDefaultBiddingDateDropdown" time="0.000">
    <skipped/>
  </testcase> <!-- verifyDefaultBiddingDateDropdown -->
  <system-out/>
  <testcase classname="TestClass.SupplierAvailableRequestPageTest" name="verifyShowEntriesLabel" time="0.000">
    <skipped/>
  </testcase> <!-- verifyShowEntriesLabel -->
  <system-out/>
  <testcase classname="TestClass.SupplierAvailableRequestPageTest" name="verifyShowEntriesLabel" time="0.000">
    <skipped/>
  </testcase> <!-- verifyShowEntriesLabel -->
  <system-out/>
  <testcase classname="TestClass.SupplierAvailableRequestPageTest" name="verifyDefaultShowEntriesDropdown" time="0.000">
    <skipped/>
  </testcase> <!-- verifyDefaultShowEntriesDropdown -->
  <system-out/>
  <testcase classname="TestClass.SupplierAvailableRequestPageTest" name="verifyDefaultShowEntriesDropdown" time="0.000">
    <skipped/>
  </testcase> <!-- verifyDefaultShowEntriesDropdown -->
  <system-out/>
  <testcase classname="TestClass.SupplierAvailableRequestPageTest" name="verifyCountsShowEntriesDropdown" time="0.000">
    <skipped/>
  </testcase> <!-- verifyCountsShowEntriesDropdown -->
  <system-out/>
  <testcase classname="TestClass.SupplierAvailableRequestPageTest" name="verifyCountsShowEntriesDropdown" time="0.000">
    <skipped/>
  </testcase> <!-- verifyCountsShowEntriesDropdown -->
  <system-out/>
  <testcase classname="TestClass.SupplierAvailableRequestPageTest" name="verifyShowEntriesValues" time="0.000">
    <skipped/>
  </testcase> <!-- verifyShowEntriesValues -->
  <system-out/>
  <testcase classname="TestClass.SupplierAvailableRequestPageTest" name="verifyShowEntriesValues" time="0.000">
    <skipped/>
  </testcase> <!-- verifyShowEntriesValues -->
  <system-out/>
  <testcase classname="TestClass.SupplierAvailableRequestPageTest" name="verifShowEntriesSelect" time="0.000">
    <skipped/>
  </testcase> <!-- verifShowEntriesSelect -->
  <system-out/>
  <testcase classname="TestClass.SupplierAvailableRequestPageTest" name="verifShowEntriesSelect" time="0.000">
    <skipped/>
  </testcase> <!-- verifShowEntriesSelect -->
  <system-out/>
  <testcase classname="TestClass.SupplierAvailableRequestPageTest" name="verifyShowEntriesRowCounts" time="0.000">
    <skipped/>
  </testcase> <!-- verifyShowEntriesRowCounts -->
  <system-out/>
  <testcase classname="TestClass.SupplierAvailableRequestPageTest" name="verifyShowEntriesRowCounts" time="0.000">
    <skipped/>
  </testcase> <!-- verifyShowEntriesRowCounts -->
  <system-out/>
  <testcase classname="TestClass.SupplierAvailableRequestPageTest" name="verifySearchLabel" time="0.000">
    <skipped/>
  </testcase> <!-- verifySearchLabel -->
  <system-out/>
  <testcase classname="TestClass.SupplierAvailableRequestPageTest" name="verifySearchLabel" time="0.000">
    <skipped/>
  </testcase> <!-- verifySearchLabel -->
  <system-out/>
  <testcase classname="TestClass.SupplierAvailableRequestPageTest" name="verifyDefaultSearch" time="0.000">
    <skipped/>
  </testcase> <!-- verifyDefaultSearch -->
  <system-out/>
  <testcase classname="TestClass.SupplierAvailableRequestPageTest" name="verifyDefaultSearch" time="0.000">
    <skipped/>
  </testcase> <!-- verifyDefaultSearch -->
  <system-out/>
  <testcase classname="TestClass.SupplierAvailableRequestPageTest" name="verifyInputSearch" time="0.000">
    <skipped/>
  </testcase> <!-- verifyInputSearch -->
  <system-out/>
  <testcase classname="TestClass.SupplierAvailableRequestPageTest" name="verifyInputSearch" time="0.000">
    <skipped/>
  </testcase> <!-- verifyInputSearch -->
  <system-out/>
  <testcase classname="TestClass.SupplierAvailableRequestPageTest" name="verifyColumnDate" time="0.000">
    <skipped/>
  </testcase> <!-- verifyColumnDate -->
  <system-out/>
  <testcase classname="TestClass.SupplierAvailableRequestPageTest" name="verifyColumnDate" time="0.000">
    <skipped/>
  </testcase> <!-- verifyColumnDate -->
  <system-out/>
  <testcase classname="TestClass.SupplierAvailableRequestPageTest" name="verifyColumnDateDescending" time="0.000">
    <skipped/>
  </testcase> <!-- verifyColumnDateDescending -->
  <system-out/>
  <testcase classname="TestClass.SupplierAvailableRequestPageTest" name="verifyColumnDateDescending" time="0.000">
    <skipped/>
  </testcase> <!-- verifyColumnDateDescending -->
  <system-out/>
  <testcase classname="TestClass.SupplierAvailableRequestPageTest" name="verifyColumnDateAscending" time="0.000">
    <skipped/>
  </testcase> <!-- verifyColumnDateAscending -->
  <system-out/>
  <testcase classname="TestClass.SupplierAvailableRequestPageTest" name="verifyColumnDateAscending" time="0.000">
    <skipped/>
  </testcase> <!-- verifyColumnDateAscending -->
  <system-out/>
  <testcase classname="TestClass.SupplierAvailableRequestPageTest" name="verifyColumnCode" time="0.000">
    <skipped/>
  </testcase> <!-- verifyColumnCode -->
  <system-out/>
  <testcase classname="TestClass.SupplierAvailableRequestPageTest" name="verifyColumnCode" time="0.000">
    <skipped/>
  </testcase> <!-- verifyColumnCode -->
  <system-out/>
  <testcase classname="TestClass.SupplierAvailableRequestPageTest" name="verifyColumnCodeAscending" time="0.000">
    <skipped/>
  </testcase> <!-- verifyColumnCodeAscending -->
  <system-out/>
  <testcase classname="TestClass.SupplierAvailableRequestPageTest" name="verifyColumnCodeAscending" time="0.000">
    <skipped/>
  </testcase> <!-- verifyColumnCodeAscending -->
  <system-out/>
  <testcase classname="TestClass.SupplierAvailableRequestPageTest" name="verifyColumnCodeDescending" time="0.000">
    <skipped/>
  </testcase> <!-- verifyColumnCodeDescending -->
  <system-out/>
  <testcase classname="TestClass.SupplierAvailableRequestPageTest" name="verifyColumnCodeDescending" time="0.000">
    <skipped/>
  </testcase> <!-- verifyColumnCodeDescending -->
  <system-out/>
  <testcase classname="TestClass.SupplierAvailableRequestPageTest" name="verifyColumnBiddingStarts" time="0.000">
    <skipped/>
  </testcase> <!-- verifyColumnBiddingStarts -->
  <system-out/>
  <testcase classname="TestClass.SupplierAvailableRequestPageTest" name="verifyColumnBiddingStarts" time="0.000">
    <skipped/>
  </testcase> <!-- verifyColumnBiddingStarts -->
  <system-out/>
  <testcase classname="TestClass.SupplierAvailableRequestPageTest" name="verifyColumnBiddingStartsAscending" time="0.000">
    <skipped/>
  </testcase> <!-- verifyColumnBiddingStartsAscending -->
  <system-out/>
  <testcase classname="TestClass.SupplierAvailableRequestPageTest" name="verifyColumnBiddingStartsAscending" time="0.000">
    <skipped/>
  </testcase> <!-- verifyColumnBiddingStartsAscending -->
  <system-out/>
  <testcase classname="TestClass.SupplierAvailableRequestPageTest" name="verifyColumnBiddingStartsDescending" time="0.000">
    <skipped/>
  </testcase> <!-- verifyColumnBiddingStartsDescending -->
  <system-out/>
  <testcase classname="TestClass.SupplierAvailableRequestPageTest" name="verifyColumnBiddingStartsDescending" time="0.000">
    <skipped/>
  </testcase> <!-- verifyColumnBiddingStartsDescending -->
  <system-out/>
  <testcase classname="TestClass.SupplierAvailableRequestPageTest" name="verifyColumnBiddingEnds" time="0.000">
    <skipped/>
  </testcase> <!-- verifyColumnBiddingEnds -->
  <system-out/>
  <testcase classname="TestClass.SupplierAvailableRequestPageTest" name="verifyColumnBiddingEnds" time="0.000">
    <skipped/>
  </testcase> <!-- verifyColumnBiddingEnds -->
  <system-out/>
  <testcase classname="TestClass.SupplierAvailableRequestPageTest" name="verifyColumnBiddingEndsAscending" time="0.000">
    <skipped/>
  </testcase> <!-- verifyColumnBiddingEndsAscending -->
  <system-out/>
  <testcase classname="TestClass.SupplierAvailableRequestPageTest" name="verifyColumnBiddingEndsAscending" time="0.000">
    <skipped/>
  </testcase> <!-- verifyColumnBiddingEndsAscending -->
  <system-out/>
  <testcase classname="TestClass.SupplierAvailableRequestPageTest" name="verifyColumnBiddingEndsDescending" time="0.000">
    <skipped/>
  </testcase> <!-- verifyColumnBiddingEndsDescending -->
  <system-out/>
  <testcase classname="TestClass.SupplierAvailableRequestPageTest" name="verifyColumnBiddingEndsDescending" time="0.000">
    <skipped/>
  </testcase> <!-- verifyColumnBiddingEndsDescending -->
  <system-out/>
  <testcase classname="TestClass.SupplierAvailableRequestPageTest" name="verifyColumnSparePart" time="0.000">
    <skipped/>
  </testcase> <!-- verifyColumnSparePart -->
  <system-out/>
  <testcase classname="TestClass.SupplierAvailableRequestPageTest" name="verifyColumnSparePart" time="0.000">
    <skipped/>
  </testcase> <!-- verifyColumnSparePart -->
  <system-out/>
  <testcase classname="TestClass.SupplierAvailableRequestPageTest" name="verifyColumnSparePartsAscending" time="0.000">
    <skipped/>
  </testcase> <!-- verifyColumnSparePartsAscending -->
  <system-out/>
  <testcase classname="TestClass.SupplierAvailableRequestPageTest" name="verifyColumnSparePartsAscending" time="0.000">
    <skipped/>
  </testcase> <!-- verifyColumnSparePartsAscending -->
  <system-out/>
  <testcase classname="TestClass.SupplierAvailableRequestPageTest" name="verifyColumnSparePartDescending" time="0.000">
    <skipped/>
  </testcase> <!-- verifyColumnSparePartDescending -->
  <system-out/>
  <testcase classname="TestClass.SupplierAvailableRequestPageTest" name="verifyColumnSparePartDescending" time="0.000">
    <skipped/>
  </testcase> <!-- verifyColumnSparePartDescending -->
  <system-out/>
  <testcase classname="TestClass.SupplierAvailableRequestPageTest" name="verifyColumnStatus" time="0.000">
    <skipped/>
  </testcase> <!-- verifyColumnStatus -->
  <system-out/>
  <testcase classname="TestClass.SupplierAvailableRequestPageTest" name="verifyColumnStatus" time="0.000">
    <skipped/>
  </testcase> <!-- verifyColumnStatus -->
  <system-out/>
  <testcase classname="TestClass.SupplierAvailableRequestPageTest" name="verifyColumnStatusAscending" time="0.000">
    <skipped/>
  </testcase> <!-- verifyColumnStatusAscending -->
  <system-out/>
  <testcase classname="TestClass.SupplierAvailableRequestPageTest" name="verifyColumnStatusAscending" time="0.000">
    <skipped/>
  </testcase> <!-- verifyColumnStatusAscending -->
  <system-out/>
  <testcase classname="TestClass.SupplierAvailableRequestPageTest" name="verifyColumnStatusDescending" time="0.000">
    <skipped/>
  </testcase> <!-- verifyColumnStatusDescending -->
  <system-out/>
  <testcase classname="TestClass.SupplierAvailableRequestPageTest" name="verifyColumnStatusDescending" time="0.000">
    <skipped/>
  </testcase> <!-- verifyColumnStatusDescending -->
  <system-out/>
  <testcase classname="TestClass.SupplierAvailableRequestPageTest" name="verifyColumnFDate" time="0.000">
    <skipped/>
  </testcase> <!-- verifyColumnFDate -->
  <system-out/>
  <testcase classname="TestClass.SupplierAvailableRequestPageTest" name="verifyColumnFDate" time="0.000">
    <skipped/>
  </testcase> <!-- verifyColumnFDate -->
  <system-out/>
  <testcase classname="TestClass.SupplierAvailableRequestPageTest" name="verifyColumnFCode" time="0.000">
    <skipped/>
  </testcase> <!-- verifyColumnFCode -->
  <system-out/>
  <testcase classname="TestClass.SupplierAvailableRequestPageTest" name="verifyColumnFCode" time="0.000">
    <skipped/>
  </testcase> <!-- verifyColumnFCode -->
  <system-out/>
  <testcase classname="TestClass.SupplierAvailableRequestPageTest" name="verifyColumnFBiddingStarts" time="0.000">
    <skipped/>
  </testcase> <!-- verifyColumnFBiddingStarts -->
  <system-out/>
  <testcase classname="TestClass.SupplierAvailableRequestPageTest" name="verifyColumnFBiddingStarts" time="0.000">
    <skipped/>
  </testcase> <!-- verifyColumnFBiddingStarts -->
  <system-out/>
  <testcase classname="TestClass.SupplierAvailableRequestPageTest" name="verifyColumnFBiddingEnds" time="0.000">
    <skipped/>
  </testcase> <!-- verifyColumnFBiddingEnds -->
  <system-out/>
  <testcase classname="TestClass.SupplierAvailableRequestPageTest" name="verifyColumnFBiddingEnds" time="0.000">
    <skipped/>
  </testcase> <!-- verifyColumnFBiddingEnds -->
  <system-out/>
  <testcase classname="TestClass.SupplierAvailableRequestPageTest" name="verifyColumnFSparePart" time="0.000">
    <skipped/>
  </testcase> <!-- verifyColumnFSparePart -->
  <system-out/>
  <testcase classname="TestClass.SupplierAvailableRequestPageTest" name="verifyColumnFSparePart" time="0.000">
    <skipped/>
  </testcase> <!-- verifyColumnFSparePart -->
  <system-out/>
  <testcase classname="TestClass.SupplierAvailableRequestPageTest" name="verifyColumnFStatus" time="0.000">
    <skipped/>
  </testcase> <!-- verifyColumnFStatus -->
  <system-out/>
  <testcase classname="TestClass.SupplierAvailableRequestPageTest" name="verifyColumnFStatus" time="0.000">
    <skipped/>
  </testcase> <!-- verifyColumnFStatus -->
  <system-out/>
  <testcase classname="TestClass.SupplierAvailableRequestPageTest" name="verifyShowingLabel" time="0.000">
    <skipped/>
  </testcase> <!-- verifyShowingLabel -->
  <system-out/>
  <testcase classname="TestClass.SupplierAvailableRequestPageTest" name="verifyShowingLabel" time="0.000">
    <skipped/>
  </testcase> <!-- verifyShowingLabel -->
  <system-out/>
  <testcase classname="TestClass.SupplierAvailableRequestPageTest" name="verifyShowingPaginationPreviousLabel" time="0.000">
    <skipped/>
  </testcase> <!-- verifyShowingPaginationPreviousLabel -->
  <system-out/>
  <testcase classname="TestClass.SupplierAvailableRequestPageTest" name="verifyShowingPaginationPreviousLabel" time="0.000">
    <skipped/>
  </testcase> <!-- verifyShowingPaginationPreviousLabel -->
  <system-out/>
  <testcase classname="TestClass.SupplierAvailableRequestPageTest" name="verifyShowingPaginationNextLabel" time="0.000">
    <skipped/>
  </testcase> <!-- verifyShowingPaginationNextLabel -->
  <system-out/>
  <testcase classname="TestClass.SupplierAvailableRequestPageTest" name="verifyShowingPaginationNextLabel" time="0.000">
    <skipped/>
  </testcase> <!-- verifyShowingPaginationNextLabel -->
  <system-out/>
  <testcase classname="TestClass.SupplierAvailableRequestPageTest" name="verifyHoverPaginationPrevious" time="0.000">
    <skipped/>
  </testcase> <!-- verifyHoverPaginationPrevious -->
  <system-out/>
  <testcase classname="TestClass.SupplierAvailableRequestPageTest" name="verifyHoverPaginationPrevious" time="0.000">
    <skipped/>
  </testcase> <!-- verifyHoverPaginationPrevious -->
  <system-out/>
  <testcase classname="TestClass.SupplierAvailableRequestPageTest" name="verifyHoverPaginationNext" time="0.000">
    <skipped/>
  </testcase> <!-- verifyHoverPaginationNext -->
  <system-out/>
  <testcase classname="TestClass.SupplierAvailableRequestPageTest" name="verifyHoverPaginationNext" time="0.000">
    <skipped/>
  </testcase> <!-- verifyHoverPaginationNext -->
  <system-out/>
  <testcase classname="TestClass.SupplierAvailableRequestPageTest" name="verifyClickPaginationNextLabel" time="0.000">
    <skipped/>
  </testcase> <!-- verifyClickPaginationNextLabel -->
  <system-out/>
  <testcase classname="TestClass.SupplierAvailableRequestPageTest" name="verifyClickPaginationNextLabel" time="0.000">
    <skipped/>
  </testcase> <!-- verifyClickPaginationNextLabel -->
  <system-out/>
  <testcase classname="TestClass.SupplierAvailableRequestPageTest" name="verifyClickPaginationPreviousLabel" time="0.000">
    <skipped/>
  </testcase> <!-- verifyClickPaginationPreviousLabel -->
  <system-out/>
  <testcase classname="TestClass.SupplierAvailableRequestPageTest" name="verifyClickPaginationPreviousLabel" time="0.000">
    <skipped/>
  </testcase> <!-- verifyClickPaginationPreviousLabel -->
  <system-out/>
  <testcase classname="TestClass.SupplierAvailableRequestPageTest" name="verifyrequestInformationTabLabel" time="0.000">
    <skipped/>
  </testcase> <!-- verifyrequestInformationTabLabel -->
  <system-out/>
  <testcase classname="TestClass.SupplierAvailableRequestPageTest" name="verifyrequestInformationTabLabel" time="0.000">
    <skipped/>
  </testcase> <!-- verifyrequestInformationTabLabel -->
  <system-out/>
  <testcase classname="TestClass.SupplierAvailableRequestPageTest" name="verifymyBidTabLabel" time="0.000">
    <skipped/>
  </testcase> <!-- verifymyBidTabLabel -->
  <system-out/>
  <testcase classname="TestClass.SupplierAvailableRequestPageTest" name="verifymyBidTabLabel" time="0.000">
    <skipped/>
  </testcase> <!-- verifymyBidTabLabel -->
  <system-out/>
  <testcase classname="TestClass.SupplierAvailableRequestPageTest" name="verifyDefaultactiveTab" time="0.000">
    <skipped/>
  </testcase> <!-- verifyDefaultactiveTab -->
  <system-out/>
  <testcase classname="TestClass.SupplierAvailableRequestPageTest" name="verifyDefaultactiveTab" time="0.000">
    <skipped/>
  </testcase> <!-- verifyDefaultactiveTab -->
  <system-out/>
  <testcase classname="TestClass.SupplierAvailableRequestPageTest" name="verifyclickMyBidTab" time="0.000">
    <skipped/>
  </testcase> <!-- verifyclickMyBidTab -->
  <system-out/>
  <testcase classname="TestClass.SupplierAvailableRequestPageTest" name="verifyclickMyBidTab" time="0.000">
    <skipped/>
  </testcase> <!-- verifyclickMyBidTab -->
  <system-out/>
  <testcase classname="TestClass.SupplierAvailableRequestPageTest" name="verifyclickRequestInformationTab" time="0.000">
    <skipped/>
  </testcase> <!-- verifyclickRequestInformationTab -->
  <system-out/>
  <testcase classname="TestClass.SupplierAvailableRequestPageTest" name="verifyclickRequestInformationTab" time="0.000">
    <skipped/>
  </testcase> <!-- verifyclickRequestInformationTab -->
  <system-out/>
</testsuite> <!-- TestClass.SupplierAvailableRequestPageTest -->
