<?xml version="1.0" encoding="UTF-8"?>
<!-- Generated by org.testng.reporters.JUnitReportReporter -->
<testsuite hostname="DESKTOP-V7PHNI8" failures="0" tests="1" name="TestClass.GarageLoginPageTest" time="8.258" errors="0" timestamp="2020-11-28T13:49:53 IST" skipped="0">
  <testcase classname="TestClass.GarageLoginPageTest" name="verifyvalidlogin" time="8.258"/>
  <system-out/>
</testsuite> <!-- TestClass.GarageLoginPageTest -->
