<?xml version="1.0" encoding="UTF-8"?>
<!-- Generated by org.testng.reporters.JUnitReportReporter -->
<testsuite hostname="DESKTOP-V7PHNI8" failures="0" tests="1" name="TestClass.SupplierLoginPageTest" time="9.451" errors="0" timestamp="2020-11-24T08:41:57 IST" skipped="0">
  <testcase classname="TestClass.SupplierLoginPageTest" name="verifyvalidlogin" time="9.451"/>
  <system-out/>
</testsuite> <!-- TestClass.SupplierLoginPageTest -->
