<?xml version="1.0" encoding="UTF-8"?>
<!-- Generated by org.testng.reporters.JUnitReportReporter -->
<testsuite hostname="DESKTOP-V7PHNI8" failures="0" tests="20" name="TestClass.RequestInformationTabTest" time="0.000" errors="0" timestamp="2021-01-05T09:34:33 IST" skipped="20">
  <testcase classname="TestClass.RequestInformationTabTest" name="verifyvalidlogin" time="0.000">
    <skipped/>
  </testcase> <!-- verifyvalidlogin -->
  <system-out/>
  <testcase classname="TestClass.RequestInformationTabTest" name="verifyvalidlogin" time="0.000">
    <skipped/>
  </testcase> <!-- verifyvalidlogin -->
  <system-out/>
  <testcase classname="TestClass.RequestInformationTabTest" name="verifyclickmakebidbutton" time="0.000">
    <skipped/>
  </testcase> <!-- verifyclickmakebidbutton -->
  <system-out/>
  <testcase classname="TestClass.RequestInformationTabTest" name="verifyclickmakebidbutton" time="0.000">
    <skipped/>
  </testcase> <!-- verifyclickmakebidbutton -->
  <system-out/>
  <testcase classname="TestClass.RequestInformationTabTest" name="verifyclickEndStatusRowDetails" time="0.000">
    <skipped/>
  </testcase> <!-- verifyclickEndStatusRowDetails -->
  <system-out/>
  <testcase classname="TestClass.RequestInformationTabTest" name="verifyclickEndStatusRowDetails" time="0.000">
    <skipped/>
  </testcase> <!-- verifyclickEndStatusRowDetails -->
  <system-out/>
  <testcase classname="TestClass.RequestInformationTabTest" name="verifyclickStartedStatusRowDetails" time="0.000">
    <skipped/>
  </testcase> <!-- verifyclickStartedStatusRowDetails -->
  <system-out/>
  <testcase classname="TestClass.RequestInformationTabTest" name="verifyclickStartedStatusRowDetails" time="0.000">
    <skipped/>
  </testcase> <!-- verifyclickStartedStatusRowDetails -->
  <system-out/>
  <testcase classname="TestClass.RequestInformationTabTest" name="verifypartNameLabel" time="0.000">
    <skipped/>
  </testcase> <!-- verifypartNameLabel -->
  <system-out/>
  <testcase classname="TestClass.RequestInformationTabTest" name="verifypartNameLabel" time="0.000">
    <skipped/>
  </testcase> <!-- verifypartNameLabel -->
  <system-out/>
  <testcase classname="TestClass.RequestInformationTabTest" name="verifypartNameEnd" time="0.000">
    <skipped/>
  </testcase> <!-- verifypartNameEnd -->
  <system-out/>
  <testcase classname="TestClass.RequestInformationTabTest" name="verifypartNameEnd" time="0.000">
    <skipped/>
  </testcase> <!-- verifypartNameEnd -->
  <system-out/>
  <testcase classname="TestClass.RequestInformationTabTest" name="verifypartNameStarted" time="0.000">
    <skipped/>
  </testcase> <!-- verifypartNameStarted -->
  <system-out/>
  <testcase classname="TestClass.RequestInformationTabTest" name="verifypartNameStarted" time="0.000">
    <skipped/>
  </testcase> <!-- verifypartNameStarted -->
  <system-out/>
  <testcase classname="TestClass.RequestInformationTabTest" name="verifydescriptionLabel" time="0.000">
    <skipped/>
  </testcase> <!-- verifydescriptionLabel -->
  <system-out/>
  <testcase classname="TestClass.RequestInformationTabTest" name="verifydescriptionLabel" time="0.000">
    <skipped/>
  </testcase> <!-- verifydescriptionLabel -->
  <system-out/>
  <testcase classname="TestClass.RequestInformationTabTest" name="verifypartDescriptionEnd" time="0.000">
    <skipped/>
  </testcase> <!-- verifypartDescriptionEnd -->
  <system-out/>
  <testcase classname="TestClass.RequestInformationTabTest" name="verifypartDescriptionEnd" time="0.000">
    <skipped/>
  </testcase> <!-- verifypartDescriptionEnd -->
  <system-out/>
  <testcase classname="TestClass.RequestInformationTabTest" name="verifypartDescriptionStarted" time="0.000">
    <skipped/>
  </testcase> <!-- verifypartDescriptionStarted -->
  <system-out/>
  <testcase classname="TestClass.RequestInformationTabTest" name="verifypartDescriptionStarted" time="0.000">
    <skipped/>
  </testcase> <!-- verifypartDescriptionStarted -->
  <system-out/>
</testsuite> <!-- TestClass.RequestInformationTabTest -->
