<?xml version="1.0" encoding="UTF-8"?>
<!-- Generated by org.testng.reporters.JUnitReportReporter -->
<testsuite hostname="DESKTOP-V7PHNI8" failures="0" tests="1" name="TestClass.SupplierLoginPageTest" time="10.530" errors="0" timestamp="2020-12-24T12:26:29 IST" skipped="0">
  <testcase classname="TestClass.SupplierLoginPageTest" name="verifyvalidlogin" time="10.530"/>
  <system-out/>
</testsuite> <!-- TestClass.SupplierLoginPageTest -->
