<?xml version="1.0" encoding="UTF-8"?>
<!-- Generated by org.testng.reporters.JUnitReportReporter -->
<testsuite hostname="DESKTOP-V7PHNI8" failures="0" tests="2" name="TestClass.GarageDashboardPageTest" time="17.600" errors="0" timestamp="2020-11-30T09:43:40 IST" skipped="0">
  <testcase classname="TestClass.GarageDashboardPageTest" name="verifyvalidlogin" time="12.216"/>
  <system-out/>
  <testcase classname="TestClass.GarageDashboardPageTest" name="verifyHeading" time="5.384"/>
  <system-out/>
</testsuite> <!-- TestClass.GarageDashboardPageTest -->
