<?xml version="1.0" encoding="UTF-8"?>
<!-- Generated by org.testng.reporters.JUnitReportReporter -->
<testsuite hostname="DESKTOP-V7PHNI8" failures="0" tests="9" name="TestClass.SupplierDashboardPageTest" time="35.334" errors="0" timestamp="2020-12-24T12:02:13 IST" skipped="0">
  <testcase classname="TestClass.SupplierDashboardPageTest" name="verifyvalidlogin" time="11.897"/>
  <system-out/>
  <testcase classname="TestClass.SupplierDashboardPageTest" name="verifyTitle" time="0.024"/>
  <system-out/>
  <testcase classname="TestClass.SupplierDashboardPageTest" name="verifyclickmakebidbutton" time="6.138"/>
  <system-out/>
  <testcase classname="TestClass.SupplierDashboardPageTest" name="verifyclickeditprofile" time="2.969"/>
  <system-out/>
  <testcase classname="TestClass.SupplierDashboardPageTest" name="verifyclickeditagent" time="2.420"/>
  <system-out/>
  <testcase classname="TestClass.SupplierDashboardPageTest" name="verifyclickusermanagement" time="3.160"/>
  <system-out/>
  <testcase classname="TestClass.SupplierDashboardPageTest" name="verifyclickavailaberequest" time="2.757"/>
  <system-out/>
  <testcase classname="TestClass.SupplierDashboardPageTest" name="verifyclicknotification" time="3.454"/>
  <system-out/>
  <testcase classname="TestClass.SupplierDashboardPageTest" name="verifyclickpurchase" time="2.515"/>
  <system-out/>
</testsuite> <!-- TestClass.SupplierDashboardPageTest -->
