<?xml version="1.0" encoding="UTF-8"?>
<!-- Generated by org.testng.reporters.JUnitReportReporter -->
<testsuite hostname="DESKTOP-V7PHNI8" failures="0" tests="4" name="TestClass.SupplierNotificationPageTest" time="17.362" errors="0" timestamp="2020-11-28T13:49:53 IST" skipped="0">
  <testcase classname="TestClass.SupplierNotificationPageTest" name="verifyvalidlogin" time="9.635"/>
  <system-out/>
  <testcase classname="TestClass.SupplierNotificationPageTest" name="verifyclickeditprofile" time="6.810"/>
  <system-out/>
  <testcase classname="TestClass.SupplierNotificationPageTest" name="verifyTitle" time="0.025"/>
  <system-out/>
  <testcase classname="TestClass.SupplierNotificationPageTest" name="verifyHeading" time="0.892"/>
  <system-out/>
</testsuite> <!-- TestClass.SupplierNotificationPageTest -->
