<?xml version="1.0" encoding="UTF-8"?>
<!-- Generated by org.testng.reporters.JUnitReportReporter -->
<testsuite hostname="DESKTOP-V7PHNI8" failures="0" tests="4" name="TestClass.SupplierPurchaseOrderPageTest" time="15.471" errors="0" timestamp="2020-11-28T13:49:53 IST" skipped="0">
  <testcase classname="TestClass.SupplierPurchaseOrderPageTest" name="verifyvalidlogin" time="8.624"/>
  <system-out/>
  <testcase classname="TestClass.SupplierPurchaseOrderPageTest" name="verifyclickeditprofile" time="5.917"/>
  <system-out/>
  <testcase classname="TestClass.SupplierPurchaseOrderPageTest" name="verifyTitle" time="0.009"/>
  <system-out/>
  <testcase classname="TestClass.SupplierPurchaseOrderPageTest" name="verifyHeading" time="0.921"/>
  <system-out/>
</testsuite> <!-- TestClass.SupplierPurchaseOrderPageTest -->
