<?xml version="1.0" encoding="UTF-8"?>
<!-- Generated by org.testng.reporters.JUnitReportReporter -->
<testsuite hostname="DESKTOP-V7PHNI8" failures="0" tests="24" name="TestClass.MyBidTabTest" time="93.278" errors="0" timestamp="2020-12-24T17:39:17 IST" skipped="0">
  <testcase classname="TestClass.MyBidTabTest" name="verifyvalidlogin" time="8.577"/>
  <system-out/>
  <testcase classname="TestClass.MyBidTabTest" name="verifyclickmakebidbutton" time="5.737"/>
  <system-out/>
  <testcase classname="TestClass.MyBidTabTest" name="verifyclickEndStatusRow" time="10.241"/>
  <system-out/>
  <testcase classname="TestClass.MyBidTabTest" name="verifyclickStartedStatusRow" time="8.823"/>
  <system-out/>
  <testcase classname="TestClass.MyBidTabTest" name="verifypriceLabel" time="0.076"/>
  <system-out/>
  <testcase classname="TestClass.MyBidTabTest" name="verifywarrantyLabel" time="0.064"/>
  <system-out/>
  <testcase classname="TestClass.MyBidTabTest" name="verifydescriptionLabel" time="0.068"/>
  <system-out/>
  <testcase classname="TestClass.MyBidTabTest" name="verifydreturnpolicyLabel" time="0.069"/>
  <system-out/>
  <testcase classname="TestClass.MyBidTabTest" name="verifyphotoLabel" time="0.084"/>
  <system-out/>
  <testcase classname="TestClass.MyBidTabTest" name="verifyinputs" time="25.114"/>
  <system-out/>
  <testcase classname="TestClass.MyBidTabTest" name="verifyconfirmationboxTitle" time="0.086"/>
  <system-out/>
  <testcase classname="TestClass.MyBidTabTest" name="verifyconfirmationboxDescription" time="0.083"/>
  <system-out/>
  <testcase classname="TestClass.MyBidTabTest" name="verifyconfirmationboxOkbuttonLable" time="0.074"/>
  <system-out/>
  <testcase classname="TestClass.MyBidTabTest" name="verifyconfirmationboxCancelbuttonLable" time="8.187"/>
  <system-out/>
  <testcase classname="TestClass.MyBidTabTest" name="verifynotificationDescription" time="10.111"/>
  <system-out/>
  <testcase classname="TestClass.MyBidTabTest" name="verifynotificationTitle" time="0.068"/>
  <system-out/>
  <testcase classname="TestClass.MyBidTabTest" name="verifySaveButtonLabel" time="0.067"/>
  <system-out/>
  <testcase classname="TestClass.MyBidTabTest" name="verifySaveButtonColor" time="3.070"/>
  <system-out/>
  <testcase classname="TestClass.MyBidTabTest" name="verifyEditButtonLabel" time="0.075"/>
  <system-out/>
  <testcase classname="TestClass.MyBidTabTest" name="verifyResetButtonLabel" time="0.083"/>
  <system-out/>
  <testcase classname="TestClass.MyBidTabTest" name="verifyResetButtonColor" time="3.067"/>
  <system-out/>
  <testcase classname="TestClass.MyBidTabTest" name="verifyHoverDisable" time="3.220"/>
  <system-out/>
  <testcase classname="TestClass.MyBidTabTest" name="verifyInputDisabled" time="3.055"/>
  <system-out/>
  <testcase classname="TestClass.MyBidTabTest" name="verifyInputEnabled" time="3.179"/>
  <system-out/>
</testsuite> <!-- TestClass.MyBidTabTest -->
