<?xml version="1.0" encoding="UTF-8"?>
<!-- Generated by org.testng.reporters.JUnitReportReporter -->
<testsuite hostname="DESKTOP-V7PHNI8" failures="0" tests="2" name="TestClass.SupplierDashboardPageTest" time="17.170" errors="0" timestamp="2020-11-24T08:37:41 IST" skipped="0">
  <testcase classname="TestClass.SupplierDashboardPageTest" name="verifyvalidlogin" time="5.508"/>
  <system-out/>
  <testcase classname="TestClass.SupplierDashboardPageTest" name="verifyclickmakebidbutton" time="11.662"/>
  <system-out/>
</testsuite> <!-- TestClass.SupplierDashboardPageTest -->
