<?xml version="1.0" encoding="UTF-8"?>
<!-- Generated by org.testng.reporters.JUnitReportReporter -->
<testsuite hostname="DESKTOP-V7PHNI8" failures="0" tests="4" name="TestClass.GarageEditProfilePageTest" time="15.481" errors="0" timestamp="2020-11-28T13:49:53 IST" skipped="0">
  <testcase classname="TestClass.GarageEditProfilePageTest" name="verifyvalidlogin" time="8.291"/>
  <system-out/>
  <testcase classname="TestClass.GarageEditProfilePageTest" name="verifyclickeditprofile" time="7.104"/>
  <system-out/>
  <testcase classname="TestClass.GarageEditProfilePageTest" name="verifyTitle" time="0.009"/>
  <system-out/>
  <testcase classname="TestClass.GarageEditProfilePageTest" name="verifyHeading" time="0.077"/>
  <system-out/>
</testsuite> <!-- TestClass.GarageEditProfilePageTest -->
