<?xml version="1.0" encoding="UTF-8"?>
<!-- Generated by org.testng.reporters.JUnitReportReporter -->
<testsuite hostname="DESKTOP-V7PHNI8" failures="0" tests="4" name="TestClass.GarageUserManagementPageTest" time="21.932" errors="0" timestamp="2020-11-28T13:49:53 IST" skipped="0">
  <testcase classname="TestClass.GarageUserManagementPageTest" name="verifyvalidlogin" time="13.838"/>
  <system-out/>
  <testcase classname="TestClass.GarageUserManagementPageTest" name="verifyclickeditprofile" time="7.109"/>
  <system-out/>
  <testcase classname="TestClass.GarageUserManagementPageTest" name="verifyTitle" time="0.029"/>
  <system-out/>
  <testcase classname="TestClass.GarageUserManagementPageTest" name="verifyHeading" time="0.956"/>
  <system-out/>
</testsuite> <!-- TestClass.GarageUserManagementPageTest -->
