<?xml version="1.0" encoding="UTF-8"?>
<!-- Generated by org.testng.reporters.JUnitReportReporter -->
<testsuite hostname="DESKTOP-V7PHNI8" failures="0" tests="1" name="TestClass.SupplierLoginPageTest" time="9.087" errors="0" timestamp="2020-11-28T13:49:53 IST" skipped="0">
  <testcase classname="TestClass.SupplierLoginPageTest" name="verifyvalidlogin" time="9.087"/>
  <system-out/>
</testsuite> <!-- TestClass.SupplierLoginPageTest -->
