<?xml version="1.0" encoding="UTF-8"?>
<!-- Generated by org.testng.reporters.JUnitReportReporter -->
<testsuite hostname="DESKTOP-V7PHNI8" failures="0" tests="8" name="TestClass.SupplierAvailableRequestPageTest" time="22.257" errors="0" timestamp="2020-11-28T13:49:53 IST" skipped="0">
  <testcase classname="TestClass.SupplierAvailableRequestPageTest" name="verifyvalidlogin" time="8.995"/>
  <system-out/>
  <testcase classname="TestClass.SupplierAvailableRequestPageTest" name="verifyclickmakebidbutton" time="7.174"/>
  <system-out/>
  <testcase classname="TestClass.SupplierAvailableRequestPageTest" name="verifyclickavailaberequest" time="3.983"/>
  <system-out/>
  <testcase classname="TestClass.SupplierAvailableRequestPageTest" name="verifyTitle" time="0.014"/>
  <system-out/>
  <testcase classname="TestClass.SupplierAvailableRequestPageTest" name="verifyHeading" time="0.077"/>
  <system-out/>
  <testcase classname="TestClass.SupplierAvailableRequestPageTest" name="verifyDefaultSpareDropdown" time="0.235"/>
  <system-out/>
  <testcase classname="TestClass.SupplierAvailableRequestPageTest" name="verifyCountsSpareDropdown" time="0.343"/>
  <system-out/>
  <testcase classname="TestClass.SupplierAvailableRequestPageTest" name="verifyValuesSpareDropdown" time="1.436"/>
  <system-out/>
</testsuite> <!-- TestClass.SupplierAvailableRequestPageTest -->
